<?xml version="1.0" encoding="utf-8" standalone="no"?>
<test-results xmlns:xsi="http://www.w3.org/2001/XMLSchema-instance" xsi:noNamespaceSchemaLocation="nunit_schema_2.5.xsd" name="Pester" total="768" errors="0" failures="0" not-run="26" inconclusive="0" ignored="0" skipped="4" invalid="0" date="2023-10-07" time="13:59:00">
  <environment clr-version="4.0.30319.42000" user-domain="BATTLESTATION" cwd="C:\Celerium\Projects\_API\Auvik-PowerShellWrapper" platform="Microsoft Windows 11 Pro|C:\WINDOWS|\Device\Harddisk0\Partition3" machine-name="BATTLESTATION" nunit-version="2.5.8.0" os-version="10.0.22621" user="David" />
  <culture-info current-culture="en-US" current-uiculture="en-US" />
  <test-suite type="TestFixture" name="Pester" executed="True" result="Ignored" success="True" time="12.8536" asserts="0" description="Pester">
    <results>
      <test-suite type="TestFixture" name="C:\Celerium\Projects\_API\Auvik-PowerShellWrapper\tests\AuvikAPI.Tests.ps1" executed="True" result="Success" success="True" time="0.1363" asserts="0" description="C:\Celerium\Projects\_API\Auvik-PowerShellWrapper\tests\AuvikAPI.Tests.ps1">
        <results>
          <test-suite type="TestFixture" name="Testing the [ built ] version of [ AuvikAPI ] with [ AuvikAPI.Tests.ps1 ]" executed="True" result="Success" success="True" time="0.0758" asserts="0" description="Testing the [ built ] version of [ AuvikAPI ] with [ AuvikAPI.Tests.ps1 ]">
            <results>
              <test-suite type="TestFixture" name="Testing the [ built ] version of [ AuvikAPI ] with [ AuvikAPI.Tests.ps1 ].[ AuvikAPI.psd1 ] general manifest data" executed="True" result="Success" success="True" time="0.0557" asserts="0" description="Testing the [ built ] version of [ AuvikAPI ] with [ AuvikAPI.Tests.ps1 ].[ AuvikAPI.psd1 ] general manifest data">
                <results>
                  <test-case description="Manifest [ RootModule ] has valid data" name="Testing the [ built ] version of [ AuvikAPI ] with [ AuvikAPI.Tests.ps1 ].[ AuvikAPI.psd1 ] general manifest data.Manifest [ RootModule ] has valid data" time="0.0025" asserts="0" success="True" result="Success" executed="True" />
                  <test-case description="Manifest [ ModuleVersion ] has valid data" name="Testing the [ built ] version of [ AuvikAPI ] with [ AuvikAPI.Tests.ps1 ].[ AuvikAPI.psd1 ] general manifest data.Manifest [ ModuleVersion ] has valid data" time="0.002" asserts="0" success="True" result="Success" executed="True" />
                  <test-case description="Manifest [ GUID ] has valid data" name="Testing the [ built ] version of [ AuvikAPI ] with [ AuvikAPI.Tests.ps1 ].[ AuvikAPI.psd1 ] general manifest data.Manifest [ GUID ] has valid data" time="0.0031" asserts="0" success="True" result="Success" executed="True" />
                  <test-case description="Manifest [ Author ] has valid data" name="Testing the [ built ] version of [ AuvikAPI ] with [ AuvikAPI.Tests.ps1 ].[ AuvikAPI.psd1 ] general manifest data.Manifest [ Author ] has valid data" time="0.0024" asserts="0" success="True" result="Success" executed="True" />
                  <test-case description="Manifest [ CompanyName ] has valid data" name="Testing the [ built ] version of [ AuvikAPI ] with [ AuvikAPI.Tests.ps1 ].[ AuvikAPI.psd1 ] general manifest data.Manifest [ CompanyName ] has valid data" time="0.0024" asserts="0" success="True" result="Success" executed="True" />
                  <test-case description="Manifest [ Copyright ] has valid data" name="Testing the [ built ] version of [ AuvikAPI ] with [ AuvikAPI.Tests.ps1 ].[ AuvikAPI.psd1 ] general manifest data.Manifest [ Copyright ] has valid data" time="0.0026" asserts="0" success="True" result="Success" executed="True" />
                  <test-case description="Manifest [ Description ] is not empty" name="Testing the [ built ] version of [ AuvikAPI ] with [ AuvikAPI.Tests.ps1 ].[ AuvikAPI.psd1 ] general manifest data.Manifest [ Description ] is not empty" time="0.0021" asserts="0" success="True" result="Success" executed="True" />
                  <test-case description="Manifest [ PowerShellVersion ] has valid data" name="Testing the [ built ] version of [ AuvikAPI ] with [ AuvikAPI.Tests.ps1 ].[ AuvikAPI.psd1 ] general manifest data.Manifest [ PowerShellVersion ] has valid data" time="0.002" asserts="0" success="True" result="Success" executed="True" />
                  <test-case description="Manifest [ NestedModules ] has valid data" name="Testing the [ built ] version of [ AuvikAPI ] with [ AuvikAPI.Tests.ps1 ].[ AuvikAPI.psd1 ] general manifest data.Manifest [ NestedModules ] has valid data" time="0.0035" asserts="0" success="True" result="Success" executed="True" />
                  <test-case description="Manifest [ FunctionsToExport ] has valid data" name="Testing the [ built ] version of [ AuvikAPI ] with [ AuvikAPI.Tests.ps1 ].[ AuvikAPI.psd1 ] general manifest data.Manifest [ FunctionsToExport ] has valid data" time="0.0036" asserts="0" success="True" result="Success" executed="True" />
                  <test-case description="Manifest [ CmdletsToExport ] is empty" name="Testing the [ built ] version of [ AuvikAPI ] with [ AuvikAPI.Tests.ps1 ].[ AuvikAPI.psd1 ] general manifest data.Manifest [ CmdletsToExport ] is empty" time="0.0038" asserts="0" success="True" result="Success" executed="True" />
                  <test-case description="Manifest [ VariablesToExport ] is empty" name="Testing the [ built ] version of [ AuvikAPI ] with [ AuvikAPI.Tests.ps1 ].[ AuvikAPI.psd1 ] general manifest data.Manifest [ VariablesToExport ] is empty" time="0.0034" asserts="0" success="True" result="Success" executed="True" />
                  <test-case description="Manifest [ AliasesToExport ] has alias" name="Testing the [ built ] version of [ AuvikAPI ] with [ AuvikAPI.Tests.ps1 ].[ AuvikAPI.psd1 ] general manifest data.Manifest [ AliasesToExport ] has alias" time="0.0034" asserts="0" success="True" result="Success" executed="True" />
                  <test-case description="Manifest [ Tags ] has valid data" name="Testing the [ built ] version of [ AuvikAPI ] with [ AuvikAPI.Tests.ps1 ].[ AuvikAPI.psd1 ] general manifest data.Manifest [ Tags ] has valid data" time="0.003" asserts="0" success="True" result="Success" executed="True" />
                  <test-case description="Manifest [ LicenseUri ] has valid data" name="Testing the [ built ] version of [ AuvikAPI ] with [ AuvikAPI.Tests.ps1 ].[ AuvikAPI.psd1 ] general manifest data.Manifest [ LicenseUri ] has valid data" time="0.0023" asserts="0" success="True" result="Success" executed="True" />
                  <test-case description="Manifest [ ProjectUri ] has valid data" name="Testing the [ built ] version of [ AuvikAPI ] with [ AuvikAPI.Tests.ps1 ].[ AuvikAPI.psd1 ] general manifest data.Manifest [ ProjectUri ] has valid data" time="0.0024" asserts="0" success="True" result="Success" executed="True" />
                  <test-case description="Manifest [ IconUri ] has valid data" name="Testing the [ built ] version of [ AuvikAPI ] with [ AuvikAPI.Tests.ps1 ].[ AuvikAPI.psd1 ] general manifest data.Manifest [ IconUri ] has valid data" time="0.0022" asserts="0" success="True" result="Success" executed="True" />
                  <test-case description="Manifest [ ReleaseNotes ] has valid data" name="Testing the [ built ] version of [ AuvikAPI ] with [ AuvikAPI.Tests.ps1 ].[ AuvikAPI.psd1 ] general manifest data.Manifest [ ReleaseNotes ] has valid data" time="0.0022" asserts="0" success="True" result="Success" executed="True" />
                  <test-case description="Manifest [ HelpInfoUri ] is not empty" name="Testing the [ built ] version of [ AuvikAPI ] with [ AuvikAPI.Tests.ps1 ].[ AuvikAPI.psd1 ] general manifest data.Manifest [ HelpInfoUri ] is not empty" time="0.002" asserts="0" success="True" result="Success" executed="True" />
                </results>
              </test-suite>
              <test-suite type="TestFixture" name="Testing the [ built ] version of [ AuvikAPI ] with [ AuvikAPI.Tests.ps1 ].[ AuvikAPI.psd1 ] module import test" executed="True" result="Success" success="True" time="0.0723" asserts="0" description="Testing the [ built ] version of [ AuvikAPI ] with [ AuvikAPI.Tests.ps1 ].[ AuvikAPI.psd1 ] module import test">
                <results>
                  <test-case description="Module contains only PowerShell files" name="Testing the [ built ] version of [ AuvikAPI ] with [ AuvikAPI.Tests.ps1 ].[ AuvikAPI.psd1 ] module import test.Module contains only PowerShell files" time="0.0036" asserts="0" success="True" result="Success" executed="True" />
                  <test-case description="Module files exist" name="Testing the [ built ] version of [ AuvikAPI ] with [ AuvikAPI.Tests.ps1 ].[ AuvikAPI.psd1 ] module import test.Module files exist" time="0.003" asserts="0" success="True" result="Success" executed="True" />
                  <test-case description="Should pass Test-ModuleManifest" name="Testing the [ built ] version of [ AuvikAPI ] with [ AuvikAPI.Tests.ps1 ].[ AuvikAPI.psd1 ] module import test.Should pass Test-ModuleManifest" time="0.0034" asserts="0" success="True" result="Success" executed="True" />
                  <test-case description="Should import successfully" name="Testing the [ built ] version of [ AuvikAPI ] with [ AuvikAPI.Tests.ps1 ].[ AuvikAPI.psd1 ] module import test.Should import successfully" time="0.003" asserts="0" success="True" result="Success" executed="True" />
                </results>
              </test-suite>
            </results>
          </test-suite>
        </results>
      </test-suite>
      <test-suite type="TestFixture" name="C:\Celerium\Projects\_API\Auvik-PowerShellWrapper\tests\HelpComment.Tests.ps1" executed="True" result="Ignored" success="True" time="4.6322" asserts="0" description="C:\Celerium\Projects\_API\Auvik-PowerShellWrapper\tests\HelpComment.Tests.ps1">
        <results>
          <test-suite type="TestFixture" name="Testing the [ built ] version of [ AuvikAPI ] with [ HelpComment.Tests.ps1 ]" executed="True" result="Ignored" success="True" time="1.9651" asserts="0" description="Testing the [ built ] version of [ AuvikAPI ] with [ HelpComment.Tests.ps1 ]">
            <results>
              <test-suite type="TestFixture" name="Testing the [ built ] version of [ AuvikAPI ] with [ HelpComment.Tests.ps1 ].[ AuvikAPI ] module help tests" executed="True" result="Success" success="True" time="0.036" asserts="0" description="Testing the [ built ] version of [ AuvikAPI ] with [ HelpComment.Tests.ps1 ].[ AuvikAPI ] module help tests">
                <results>
                  <test-suite type="TestFixture" name="Testing the [ built ] version of [ AuvikAPI ] with [ HelpComment.Tests.ps1 ].[ AuvikAPI ] module help tests.[ Add-AuvikAPIKey ]" executed="True" result="Success" success="True" time="0.0327" asserts="0" description="Testing the [ built ] version of [ AuvikAPI ] with [ HelpComment.Tests.ps1 ].[ AuvikAPI ] module help tests.[ Add-AuvikAPIKey ]">
                    <results>
                      <test-case description="[ Add-AuvikAPIKey ] contains comment based help" name="Testing the [ built ] version of [ AuvikAPI ] with [ HelpComment.Tests.ps1 ].[ AuvikAPI ] module help tests.[ Add-AuvikAPIKey ].[ Add-AuvikAPIKey ] contains comment based help" time="0.0027" asserts="0" success="True" result="Success" executed="True" />
                      <test-case description="[ Add-AuvikAPIKey ] contains a synopsis" name="Testing the [ built ] version of [ AuvikAPI ] with [ HelpComment.Tests.ps1 ].[ AuvikAPI ] module help tests.[ Add-AuvikAPIKey ].[ Add-AuvikAPIKey ] contains a synopsis" time="0.0023" asserts="0" success="True" result="Success" executed="True" />
                      <test-case description="[ Add-AuvikAPIKey ] contains a description" name="Testing the [ built ] version of [ AuvikAPI ] with [ HelpComment.Tests.ps1 ].[ AuvikAPI ] module help tests.[ Add-AuvikAPIKey ].[ Add-AuvikAPIKey ] contains a description" time="0.0021" asserts="0" success="True" result="Success" executed="True" />
                      <test-case description="[ Add-AuvikAPIKey ] contains at least one usage example" name="Testing the [ built ] version of [ AuvikAPI ] with [ HelpComment.Tests.ps1 ].[ AuvikAPI ] module help tests.[ Add-AuvikAPIKey ].[ Add-AuvikAPIKey ] contains at least one usage example" time="0.0039" asserts="0" success="True" result="Success" executed="True" />
                      <test-case description="[ Add-AuvikAPIKey ] contains a note" name="Testing the [ built ] version of [ AuvikAPI ] with [ HelpComment.Tests.ps1 ].[ AuvikAPI ] module help tests.[ Add-AuvikAPIKey ].[ Add-AuvikAPIKey ] contains a note" time="0.0021" asserts="0" success="True" result="Success" executed="True" />
                      <test-case description="[ Add-AuvikAPIKey ] contains a link" name="Testing the [ built ] version of [ AuvikAPI ] with [ HelpComment.Tests.ps1 ].[ AuvikAPI ] module help tests.[ Add-AuvikAPIKey ].[ Add-AuvikAPIKey ] contains a link" time="0.002" asserts="0" success="True" result="Success" executed="True" />
                      <test-suite type="ParameterizedTest" name="Testing the [ built ] version of [ AuvikAPI ] with [ HelpComment.Tests.ps1 ].[ AuvikAPI ] module help tests.[ Add-AuvikAPIKey ].[ Add-AuvikAPIKey ] - Parameter has a description - [ &lt;_.name&gt; ]" executed="True" result="Success" success="True" time="0.0048" asserts="0" description="[ Add-AuvikAPIKey ] - Parameter has a description - [ &lt;_.name&gt; ]">
                        <results>
                          <test-case description="[ Add-AuvikAPIKey ] - Parameter has a description - [ Api_UserName ]" name="Testing the [ built ] version of [ AuvikAPI ] with [ HelpComment.Tests.ps1 ].[ AuvikAPI ] module help tests.[ Add-AuvikAPIKey ].[ Add-AuvikAPIKey ] - Parameter has a description - [ Api_UserName ]" time="0.0025" asserts="0" success="True" result="Success" executed="True" />
                          <test-case description="[ Add-AuvikAPIKey ] - Parameter has a description - [ Api_Key ]" name="Testing the [ built ] version of [ AuvikAPI ] with [ HelpComment.Tests.ps1 ].[ AuvikAPI ] module help tests.[ Add-AuvikAPIKey ].[ Add-AuvikAPIKey ] - Parameter has a description - [ Api_Key ]" time="0.0023" asserts="0" success="True" result="Success" executed="True" />
                        </results>
                      </test-suite>
                      <test-suite type="ParameterizedTest" name="Testing the [ built ] version of [ AuvikAPI ] with [ HelpComment.Tests.ps1 ].[ AuvikAPI ] module help tests.[ Add-AuvikAPIKey ].[ Add-AuvikAPIKey ] - Example has example code &amp; description   - [ &lt;_.title -replace '-'.''&gt; ]" executed="True" result="Success" success="True" time="0.0084" asserts="0" description="[ Add-AuvikAPIKey ] - Example has example code &amp; description   - [ &lt;_.title -replace '-'.''&gt; ]">
                        <results>
                          <test-case description="[ Add-AuvikAPIKey ] - Example has example code &amp; description   - [  EXAMPLE 1  ]" name="Testing the [ built ] version of [ AuvikAPI ] with [ HelpComment.Tests.ps1 ].[ AuvikAPI ] module help tests.[ Add-AuvikAPIKey ].[ Add-AuvikAPIKey ] - Example has example code &amp; description   - [  EXAMPLE 1  ]" time="0.0029" asserts="0" success="True" result="Success" executed="True" />
                          <test-case description="[ Add-AuvikAPIKey ] - Example has example code &amp; description   - [  EXAMPLE 2  ]" name="Testing the [ built ] version of [ AuvikAPI ] with [ HelpComment.Tests.ps1 ].[ AuvikAPI ] module help tests.[ Add-AuvikAPIKey ].[ Add-AuvikAPIKey ] - Example has example code &amp; description   - [  EXAMPLE 2  ]" time="0.0028" asserts="0" success="True" result="Success" executed="True" />
                          <test-case description="[ Add-AuvikAPIKey ] - Example has example code &amp; description   - [  EXAMPLE 3  ]" name="Testing the [ built ] version of [ AuvikAPI ] with [ HelpComment.Tests.ps1 ].[ AuvikAPI ] module help tests.[ Add-AuvikAPIKey ].[ Add-AuvikAPIKey ] - Example has example code &amp; description   - [  EXAMPLE 3  ]" time="0.0027" asserts="0" success="True" result="Success" executed="True" />
                        </results>
                      </test-suite>
                    </results>
                  </test-suite>
                </results>
              </test-suite>
              <test-suite type="TestFixture" name="Testing the [ built ] version of [ AuvikAPI ] with [ HelpComment.Tests.ps1 ].[ AuvikAPI ] module help tests" executed="True" result="Success" success="True" time="0.0697" asserts="0" description="Testing the [ built ] version of [ AuvikAPI ] with [ HelpComment.Tests.ps1 ].[ AuvikAPI ] module help tests">
                <results>
                  <test-suite type="TestFixture" name="Testing the [ built ] version of [ AuvikAPI ] with [ HelpComment.Tests.ps1 ].[ AuvikAPI ] module help tests.[ Add-AuvikBaseURI ]" executed="True" result="Success" success="True" time="0.0302" asserts="0" description="Testing the [ built ] version of [ AuvikAPI ] with [ HelpComment.Tests.ps1 ].[ AuvikAPI ] module help tests.[ Add-AuvikBaseURI ]">
                    <results>
                      <test-case description="[ Add-AuvikBaseURI ] contains comment based help" name="Testing the [ built ] version of [ AuvikAPI ] with [ HelpComment.Tests.ps1 ].[ AuvikAPI ] module help tests.[ Add-AuvikBaseURI ].[ Add-AuvikBaseURI ] contains comment based help" time="0.0024" asserts="0" success="True" result="Success" executed="True" />
                      <test-case description="[ Add-AuvikBaseURI ] contains a synopsis" name="Testing the [ built ] version of [ AuvikAPI ] with [ HelpComment.Tests.ps1 ].[ AuvikAPI ] module help tests.[ Add-AuvikBaseURI ].[ Add-AuvikBaseURI ] contains a synopsis" time="0.0021" asserts="0" success="True" result="Success" executed="True" />
                      <test-case description="[ Add-AuvikBaseURI ] contains a description" name="Testing the [ built ] version of [ AuvikAPI ] with [ HelpComment.Tests.ps1 ].[ AuvikAPI ] module help tests.[ Add-AuvikBaseURI ].[ Add-AuvikBaseURI ] contains a description" time="0.0021" asserts="0" success="True" result="Success" executed="True" />
                      <test-case description="[ Add-AuvikBaseURI ] contains at least one usage example" name="Testing the [ built ] version of [ AuvikAPI ] with [ HelpComment.Tests.ps1 ].[ AuvikAPI ] module help tests.[ Add-AuvikBaseURI ].[ Add-AuvikBaseURI ] contains at least one usage example" time="0.0026" asserts="0" success="True" result="Success" executed="True" />
                      <test-case description="[ Add-AuvikBaseURI ] contains a note" name="Testing the [ built ] version of [ AuvikAPI ] with [ HelpComment.Tests.ps1 ].[ AuvikAPI ] module help tests.[ Add-AuvikBaseURI ].[ Add-AuvikBaseURI ] contains a note" time="0.002" asserts="0" success="True" result="Success" executed="True" />
                      <test-case description="[ Add-AuvikBaseURI ] contains a link" name="Testing the [ built ] version of [ AuvikAPI ] with [ HelpComment.Tests.ps1 ].[ AuvikAPI ] module help tests.[ Add-AuvikBaseURI ].[ Add-AuvikBaseURI ] contains a link" time="0.002" asserts="0" success="True" result="Success" executed="True" />
                      <test-suite type="ParameterizedTest" name="Testing the [ built ] version of [ AuvikAPI ] with [ HelpComment.Tests.ps1 ].[ AuvikAPI ] module help tests.[ Add-AuvikBaseURI ].[ Add-AuvikBaseURI ] - Parameter has a description - [ &lt;_.name&gt; ]" executed="True" result="Success" success="True" time="0.0045" asserts="0" description="[ Add-AuvikBaseURI ] - Parameter has a description - [ &lt;_.name&gt; ]">
                        <results>
                          <test-case description="[ Add-AuvikBaseURI ] - Parameter has a description - [ base_uri ]" name="Testing the [ built ] version of [ AuvikAPI ] with [ HelpComment.Tests.ps1 ].[ AuvikAPI ] module help tests.[ Add-AuvikBaseURI ].[ Add-AuvikBaseURI ] - Parameter has a description - [ base_uri ]" time="0.0023" asserts="0" success="True" result="Success" executed="True" />
                          <test-case description="[ Add-AuvikBaseURI ] - Parameter has a description - [ data_center ]" name="Testing the [ built ] version of [ AuvikAPI ] with [ HelpComment.Tests.ps1 ].[ AuvikAPI ] module help tests.[ Add-AuvikBaseURI ].[ Add-AuvikBaseURI ] - Parameter has a description - [ data_center ]" time="0.0022" asserts="0" success="True" result="Success" executed="True" />
                        </results>
                      </test-suite>
                      <test-suite type="ParameterizedTest" name="Testing the [ built ] version of [ AuvikAPI ] with [ HelpComment.Tests.ps1 ].[ AuvikAPI ] module help tests.[ Add-AuvikBaseURI ].[ Add-AuvikBaseURI ] - Example has example code &amp; description   - [ &lt;_.title -replace '-'.''&gt; ]" executed="True" result="Success" success="True" time="0.008" asserts="0" description="[ Add-AuvikBaseURI ] - Example has example code &amp; description   - [ &lt;_.title -replace '-'.''&gt; ]">
                        <results>
                          <test-case description="[ Add-AuvikBaseURI ] - Example has example code &amp; description   - [  EXAMPLE 1  ]" name="Testing the [ built ] version of [ AuvikAPI ] with [ HelpComment.Tests.ps1 ].[ AuvikAPI ] module help tests.[ Add-AuvikBaseURI ].[ Add-AuvikBaseURI ] - Example has example code &amp; description   - [  EXAMPLE 1  ]" time="0.0027" asserts="0" success="True" result="Success" executed="True" />
                          <test-case description="[ Add-AuvikBaseURI ] - Example has example code &amp; description   - [  EXAMPLE 2  ]" name="Testing the [ built ] version of [ AuvikAPI ] with [ HelpComment.Tests.ps1 ].[ AuvikAPI ] module help tests.[ Add-AuvikBaseURI ].[ Add-AuvikBaseURI ] - Example has example code &amp; description   - [  EXAMPLE 2  ]" time="0.0027" asserts="0" success="True" result="Success" executed="True" />
                          <test-case description="[ Add-AuvikBaseURI ] - Example has example code &amp; description   - [  EXAMPLE 3  ]" name="Testing the [ built ] version of [ AuvikAPI ] with [ HelpComment.Tests.ps1 ].[ AuvikAPI ] module help tests.[ Add-AuvikBaseURI ].[ Add-AuvikBaseURI ] - Example has example code &amp; description   - [  EXAMPLE 3  ]" time="0.0027" asserts="0" success="True" result="Success" executed="True" />
                        </results>
                      </test-suite>
                    </results>
                  </test-suite>
                </results>
              </test-suite>
              <test-suite type="TestFixture" name="Testing the [ built ] version of [ AuvikAPI ] with [ HelpComment.Tests.ps1 ].[ AuvikAPI ] module help tests" executed="True" result="Success" success="True" time="0.0954" asserts="0" description="Testing the [ built ] version of [ AuvikAPI ] with [ HelpComment.Tests.ps1 ].[ AuvikAPI ] module help tests">
                <results>
                  <test-suite type="TestFixture" name="Testing the [ built ] version of [ AuvikAPI ] with [ HelpComment.Tests.ps1 ].[ AuvikAPI ] module help tests.[ Clear-AuvikAlert ]" executed="True" result="Success" success="True" time="0.0223" asserts="0" description="Testing the [ built ] version of [ AuvikAPI ] with [ HelpComment.Tests.ps1 ].[ AuvikAPI ] module help tests.[ Clear-AuvikAlert ]">
                    <results>
                      <test-case description="[ Clear-AuvikAlert ] contains comment based help" name="Testing the [ built ] version of [ AuvikAPI ] with [ HelpComment.Tests.ps1 ].[ AuvikAPI ] module help tests.[ Clear-AuvikAlert ].[ Clear-AuvikAlert ] contains comment based help" time="0.0024" asserts="0" success="True" result="Success" executed="True" />
                      <test-case description="[ Clear-AuvikAlert ] contains a synopsis" name="Testing the [ built ] version of [ AuvikAPI ] with [ HelpComment.Tests.ps1 ].[ AuvikAPI ] module help tests.[ Clear-AuvikAlert ].[ Clear-AuvikAlert ] contains a synopsis" time="0.0021" asserts="0" success="True" result="Success" executed="True" />
                      <test-case description="[ Clear-AuvikAlert ] contains a description" name="Testing the [ built ] version of [ AuvikAPI ] with [ HelpComment.Tests.ps1 ].[ AuvikAPI ] module help tests.[ Clear-AuvikAlert ].[ Clear-AuvikAlert ] contains a description" time="0.0021" asserts="0" success="True" result="Success" executed="True" />
                      <test-case description="[ Clear-AuvikAlert ] contains at least one usage example" name="Testing the [ built ] version of [ AuvikAPI ] with [ HelpComment.Tests.ps1 ].[ AuvikAPI ] module help tests.[ Clear-AuvikAlert ].[ Clear-AuvikAlert ] contains at least one usage example" time="0.0026" asserts="0" success="True" result="Success" executed="True" />
                      <test-case description="[ Clear-AuvikAlert ] contains a note" name="Testing the [ built ] version of [ AuvikAPI ] with [ HelpComment.Tests.ps1 ].[ AuvikAPI ] module help tests.[ Clear-AuvikAlert ].[ Clear-AuvikAlert ] contains a note" time="0.0021" asserts="0" success="True" result="Success" executed="True" />
                      <test-case description="[ Clear-AuvikAlert ] contains a link" name="Testing the [ built ] version of [ AuvikAPI ] with [ HelpComment.Tests.ps1 ].[ AuvikAPI ] module help tests.[ Clear-AuvikAlert ].[ Clear-AuvikAlert ] contains a link" time="0.0021" asserts="0" success="True" result="Success" executed="True" />
                      <test-suite type="ParameterizedTest" name="Testing the [ built ] version of [ AuvikAPI ] with [ HelpComment.Tests.ps1 ].[ AuvikAPI ] module help tests.[ Clear-AuvikAlert ].[ Clear-AuvikAlert ] - Parameter has a description - [ &lt;_.name&gt; ]" executed="True" result="Success" success="True" time="0.0023" asserts="0" description="[ Clear-AuvikAlert ] - Parameter has a description - [ &lt;_.name&gt; ]">
                        <results>
                          <test-case description="[ Clear-AuvikAlert ] - Parameter has a description - [ id ]" name="Testing the [ built ] version of [ AuvikAPI ] with [ HelpComment.Tests.ps1 ].[ AuvikAPI ] module help tests.[ Clear-AuvikAlert ].[ Clear-AuvikAlert ] - Parameter has a description - [ id ]" time="0.0023" asserts="0" success="True" result="Success" executed="True" />
                        </results>
                      </test-suite>
                      <test-suite type="ParameterizedTest" name="Testing the [ built ] version of [ AuvikAPI ] with [ HelpComment.Tests.ps1 ].[ AuvikAPI ] module help tests.[ Clear-AuvikAlert ].[ Clear-AuvikAlert ] - Example has example code &amp; description   - [ &lt;_.title -replace '-'.''&gt; ]" executed="True" result="Success" success="True" time="0.0027" asserts="0" description="[ Clear-AuvikAlert ] - Example has example code &amp; description   - [ &lt;_.title -replace '-'.''&gt; ]">
                        <results>
                          <test-case description="[ Clear-AuvikAlert ] - Example has example code &amp; description   - [  EXAMPLE 1  ]" name="Testing the [ built ] version of [ AuvikAPI ] with [ HelpComment.Tests.ps1 ].[ AuvikAPI ] module help tests.[ Clear-AuvikAlert ].[ Clear-AuvikAlert ] - Example has example code &amp; description   - [  EXAMPLE 1  ]" time="0.0027" asserts="0" success="True" result="Success" executed="True" />
                        </results>
                      </test-suite>
                    </results>
                  </test-suite>
                </results>
              </test-suite>
              <test-suite type="TestFixture" name="Testing the [ built ] version of [ AuvikAPI ] with [ HelpComment.Tests.ps1 ].[ AuvikAPI ] module help tests" executed="True" result="Success" success="True" time="0.1229" asserts="0" description="Testing the [ built ] version of [ AuvikAPI ] with [ HelpComment.Tests.ps1 ].[ AuvikAPI ] module help tests">
                <results>
                  <test-suite type="TestFixture" name="Testing the [ built ] version of [ AuvikAPI ] with [ HelpComment.Tests.ps1 ].[ AuvikAPI ] module help tests.[ ConvertTo-AuvikQueryString ]" executed="True" result="Success" success="True" time="0.0241" asserts="0" description="Testing the [ built ] version of [ AuvikAPI ] with [ HelpComment.Tests.ps1 ].[ AuvikAPI ] module help tests.[ ConvertTo-AuvikQueryString ]">
                    <results>
                      <test-case description="[ ConvertTo-AuvikQueryString ] contains comment based help" name="Testing the [ built ] version of [ AuvikAPI ] with [ HelpComment.Tests.ps1 ].[ AuvikAPI ] module help tests.[ ConvertTo-AuvikQueryString ].[ ConvertTo-AuvikQueryString ] contains comment based help" time="0.0022" asserts="0" success="True" result="Success" executed="True" />
                      <test-case description="[ ConvertTo-AuvikQueryString ] contains a synopsis" name="Testing the [ built ] version of [ AuvikAPI ] with [ HelpComment.Tests.ps1 ].[ AuvikAPI ] module help tests.[ ConvertTo-AuvikQueryString ].[ ConvertTo-AuvikQueryString ] contains a synopsis" time="0.002" asserts="0" success="True" result="Success" executed="True" />
                      <test-case description="[ ConvertTo-AuvikQueryString ] contains a description" name="Testing the [ built ] version of [ AuvikAPI ] with [ HelpComment.Tests.ps1 ].[ AuvikAPI ] module help tests.[ ConvertTo-AuvikQueryString ].[ ConvertTo-AuvikQueryString ] contains a description" time="0.0021" asserts="0" success="True" result="Success" executed="True" />
                      <test-case description="[ ConvertTo-AuvikQueryString ] contains at least one usage example" name="Testing the [ built ] version of [ AuvikAPI ] with [ HelpComment.Tests.ps1 ].[ AuvikAPI ] module help tests.[ ConvertTo-AuvikQueryString ].[ ConvertTo-AuvikQueryString ] contains at least one usage example" time="0.0026" asserts="0" success="True" result="Success" executed="True" />
                      <test-case description="[ ConvertTo-AuvikQueryString ] contains a note" name="Testing the [ built ] version of [ AuvikAPI ] with [ HelpComment.Tests.ps1 ].[ AuvikAPI ] module help tests.[ ConvertTo-AuvikQueryString ].[ ConvertTo-AuvikQueryString ] contains a note" time="0.002" asserts="0" success="True" result="Success" executed="True" />
                      <test-case description="[ ConvertTo-AuvikQueryString ] contains a link" name="Testing the [ built ] version of [ AuvikAPI ] with [ HelpComment.Tests.ps1 ].[ AuvikAPI ] module help tests.[ ConvertTo-AuvikQueryString ].[ ConvertTo-AuvikQueryString ] contains a link" time="0.002" asserts="0" success="True" result="Success" executed="True" />
                      <test-suite type="ParameterizedTest" name="Testing the [ built ] version of [ AuvikAPI ] with [ HelpComment.Tests.ps1 ].[ AuvikAPI ] module help tests.[ ConvertTo-AuvikQueryString ].[ ConvertTo-AuvikQueryString ] - Parameter has a description - [ &lt;_.name&gt; ]" executed="True" result="Success" success="True" time="0.0043" asserts="0" description="[ ConvertTo-AuvikQueryString ] - Parameter has a description - [ &lt;_.name&gt; ]">
                        <results>
                          <test-case description="[ ConvertTo-AuvikQueryString ] - Parameter has a description - [ uri_Filter ]" name="Testing the [ built ] version of [ AuvikAPI ] with [ HelpComment.Tests.ps1 ].[ AuvikAPI ] module help tests.[ ConvertTo-AuvikQueryString ].[ ConvertTo-AuvikQueryString ] - Parameter has a description - [ uri_Filter ]" time="0.0022" asserts="0" success="True" result="Success" executed="True" />
                          <test-case description="[ ConvertTo-AuvikQueryString ] - Parameter has a description - [ resource_Uri ]" name="Testing the [ built ] version of [ AuvikAPI ] with [ HelpComment.Tests.ps1 ].[ AuvikAPI ] module help tests.[ ConvertTo-AuvikQueryString ].[ ConvertTo-AuvikQueryString ] - Parameter has a description - [ resource_Uri ]" time="0.0021" asserts="0" success="True" result="Success" executed="True" />
                        </results>
                      </test-suite>
                      <test-suite type="ParameterizedTest" name="Testing the [ built ] version of [ AuvikAPI ] with [ HelpComment.Tests.ps1 ].[ AuvikAPI ] module help tests.[ ConvertTo-AuvikQueryString ].[ ConvertTo-AuvikQueryString ] - Example has example code &amp; description   - [ &lt;_.title -replace '-'.''&gt; ]" executed="True" result="Success" success="True" time="0.0027" asserts="0" description="[ ConvertTo-AuvikQueryString ] - Example has example code &amp; description   - [ &lt;_.title -replace '-'.''&gt; ]">
                        <results>
                          <test-case description="[ ConvertTo-AuvikQueryString ] - Example has example code &amp; description   - [  EXAMPLE 1  ]" name="Testing the [ built ] version of [ AuvikAPI ] with [ HelpComment.Tests.ps1 ].[ AuvikAPI ] module help tests.[ ConvertTo-AuvikQueryString ].[ ConvertTo-AuvikQueryString ] - Example has example code &amp; description   - [  EXAMPLE 1  ]" time="0.0027" asserts="0" success="True" result="Success" executed="True" />
                        </results>
                      </test-suite>
                    </results>
                  </test-suite>
                </results>
              </test-suite>
              <test-suite type="TestFixture" name="Testing the [ built ] version of [ AuvikAPI ] with [ HelpComment.Tests.ps1 ].[ AuvikAPI ] module help tests" executed="True" result="Success" success="True" time="0.153" asserts="0" description="Testing the [ built ] version of [ AuvikAPI ] with [ HelpComment.Tests.ps1 ].[ AuvikAPI ] module help tests">
                <results>
                  <test-suite type="TestFixture" name="Testing the [ built ] version of [ AuvikAPI ] with [ HelpComment.Tests.ps1 ].[ AuvikAPI ] module help tests.[ Export-AuvikModuleSettings ]" executed="True" result="Success" success="True" time="0.0268" asserts="0" description="Testing the [ built ] version of [ AuvikAPI ] with [ HelpComment.Tests.ps1 ].[ AuvikAPI ] module help tests.[ Export-AuvikModuleSettings ]">
                    <results>
                      <test-case description="[ Export-AuvikModuleSettings ] contains comment based help" name="Testing the [ built ] version of [ AuvikAPI ] with [ HelpComment.Tests.ps1 ].[ AuvikAPI ] module help tests.[ Export-AuvikModuleSettings ].[ Export-AuvikModuleSettings ] contains comment based help" time="0.0022" asserts="0" success="True" result="Success" executed="True" />
                      <test-case description="[ Export-AuvikModuleSettings ] contains a synopsis" name="Testing the [ built ] version of [ AuvikAPI ] with [ HelpComment.Tests.ps1 ].[ AuvikAPI ] module help tests.[ Export-AuvikModuleSettings ].[ Export-AuvikModuleSettings ] contains a synopsis" time="0.002" asserts="0" success="True" result="Success" executed="True" />
                      <test-case description="[ Export-AuvikModuleSettings ] contains a description" name="Testing the [ built ] version of [ AuvikAPI ] with [ HelpComment.Tests.ps1 ].[ AuvikAPI ] module help tests.[ Export-AuvikModuleSettings ].[ Export-AuvikModuleSettings ] contains a description" time="0.002" asserts="0" success="True" result="Success" executed="True" />
                      <test-case description="[ Export-AuvikModuleSettings ] contains at least one usage example" name="Testing the [ built ] version of [ AuvikAPI ] with [ HelpComment.Tests.ps1 ].[ AuvikAPI ] module help tests.[ Export-AuvikModuleSettings ].[ Export-AuvikModuleSettings ] contains at least one usage example" time="0.0026" asserts="0" success="True" result="Success" executed="True" />
                      <test-case description="[ Export-AuvikModuleSettings ] contains a note" name="Testing the [ built ] version of [ AuvikAPI ] with [ HelpComment.Tests.ps1 ].[ AuvikAPI ] module help tests.[ Export-AuvikModuleSettings ].[ Export-AuvikModuleSettings ] contains a note" time="0.002" asserts="0" success="True" result="Success" executed="True" />
                      <test-case description="[ Export-AuvikModuleSettings ] contains a link" name="Testing the [ built ] version of [ AuvikAPI ] with [ HelpComment.Tests.ps1 ].[ AuvikAPI ] module help tests.[ Export-AuvikModuleSettings ].[ Export-AuvikModuleSettings ] contains a link" time="0.002" asserts="0" success="True" result="Success" executed="True" />
                      <test-suite type="ParameterizedTest" name="Testing the [ built ] version of [ AuvikAPI ] with [ HelpComment.Tests.ps1 ].[ AuvikAPI ] module help tests.[ Export-AuvikModuleSettings ].[ Export-AuvikModuleSettings ] - Parameter has a description - [ &lt;_.name&gt; ]" executed="True" result="Success" success="True" time="0.0043" asserts="0" description="[ Export-AuvikModuleSettings ] - Parameter has a description - [ &lt;_.name&gt; ]">
                        <results>
                          <test-case description="[ Export-AuvikModuleSettings ] - Parameter has a description - [ AuvikConfPath ]" name="Testing the [ built ] version of [ AuvikAPI ] with [ HelpComment.Tests.ps1 ].[ AuvikAPI ] module help tests.[ Export-AuvikModuleSettings ].[ Export-AuvikModuleSettings ] - Parameter has a description - [ AuvikConfPath ]" time="0.0022" asserts="0" success="True" result="Success" executed="True" />
                          <test-case description="[ Export-AuvikModuleSettings ] - Parameter has a description - [ AuvikConfFile ]" name="Testing the [ built ] version of [ AuvikAPI ] with [ HelpComment.Tests.ps1 ].[ AuvikAPI ] module help tests.[ Export-AuvikModuleSettings ].[ Export-AuvikModuleSettings ] - Parameter has a description - [ AuvikConfFile ]" time="0.0021" asserts="0" success="True" result="Success" executed="True" />
                        </results>
                      </test-suite>
                      <test-suite type="ParameterizedTest" name="Testing the [ built ] version of [ AuvikAPI ] with [ HelpComment.Tests.ps1 ].[ AuvikAPI ] module help tests.[ Export-AuvikModuleSettings ].[ Export-AuvikModuleSettings ] - Example has example code &amp; description   - [ &lt;_.title -replace '-'.''&gt; ]" executed="True" result="Success" success="True" time="0.0053" asserts="0" description="[ Export-AuvikModuleSettings ] - Example has example code &amp; description   - [ &lt;_.title -replace '-'.''&gt; ]">
                        <results>
                          <test-case description="[ Export-AuvikModuleSettings ] - Example has example code &amp; description   - [  EXAMPLE 1  ]" name="Testing the [ built ] version of [ AuvikAPI ] with [ HelpComment.Tests.ps1 ].[ AuvikAPI ] module help tests.[ Export-AuvikModuleSettings ].[ Export-AuvikModuleSettings ] - Example has example code &amp; description   - [  EXAMPLE 1  ]" time="0.0026" asserts="0" success="True" result="Success" executed="True" />
                          <test-case description="[ Export-AuvikModuleSettings ] - Example has example code &amp; description   - [  EXAMPLE 2  ]" name="Testing the [ built ] version of [ AuvikAPI ] with [ HelpComment.Tests.ps1 ].[ AuvikAPI ] module help tests.[ Export-AuvikModuleSettings ].[ Export-AuvikModuleSettings ] - Example has example code &amp; description   - [  EXAMPLE 2  ]" time="0.0027" asserts="0" success="True" result="Success" executed="True" />
                        </results>
                      </test-suite>
                    </results>
                  </test-suite>
                </results>
              </test-suite>
              <test-suite type="TestFixture" name="Testing the [ built ] version of [ AuvikAPI ] with [ HelpComment.Tests.ps1 ].[ AuvikAPI ] module help tests" executed="True" result="Success" success="True" time="0.2174" asserts="0" description="Testing the [ built ] version of [ AuvikAPI ] with [ HelpComment.Tests.ps1 ].[ AuvikAPI ] module help tests">
                <results>
                  <test-suite type="TestFixture" name="Testing the [ built ] version of [ AuvikAPI ] with [ HelpComment.Tests.ps1 ].[ AuvikAPI ] module help tests.[ Get-AuvikAlert ]" executed="True" result="Success" success="True" time="0.0609" asserts="0" description="Testing the [ built ] version of [ AuvikAPI ] with [ HelpComment.Tests.ps1 ].[ AuvikAPI ] module help tests.[ Get-AuvikAlert ]">
                    <results>
                      <test-case description="[ Get-AuvikAlert ] contains comment based help" name="Testing the [ built ] version of [ AuvikAPI ] with [ HelpComment.Tests.ps1 ].[ AuvikAPI ] module help tests.[ Get-AuvikAlert ].[ Get-AuvikAlert ] contains comment based help" time="0.0022" asserts="0" success="True" result="Success" executed="True" />
                      <test-case description="[ Get-AuvikAlert ] contains a synopsis" name="Testing the [ built ] version of [ AuvikAPI ] with [ HelpComment.Tests.ps1 ].[ AuvikAPI ] module help tests.[ Get-AuvikAlert ].[ Get-AuvikAlert ] contains a synopsis" time="0.002" asserts="0" success="True" result="Success" executed="True" />
                      <test-case description="[ Get-AuvikAlert ] contains a description" name="Testing the [ built ] version of [ AuvikAPI ] with [ HelpComment.Tests.ps1 ].[ AuvikAPI ] module help tests.[ Get-AuvikAlert ].[ Get-AuvikAlert ] contains a description" time="0.0021" asserts="0" success="True" result="Success" executed="True" />
                      <test-case description="[ Get-AuvikAlert ] contains at least one usage example" name="Testing the [ built ] version of [ AuvikAPI ] with [ HelpComment.Tests.ps1 ].[ AuvikAPI ] module help tests.[ Get-AuvikAlert ].[ Get-AuvikAlert ] contains at least one usage example" time="0.0026" asserts="0" success="True" result="Success" executed="True" />
                      <test-case description="[ Get-AuvikAlert ] contains a note" name="Testing the [ built ] version of [ AuvikAPI ] with [ HelpComment.Tests.ps1 ].[ AuvikAPI ] module help tests.[ Get-AuvikAlert ].[ Get-AuvikAlert ] contains a note" time="0.0021" asserts="0" success="True" result="Success" executed="True" />
                      <test-case description="[ Get-AuvikAlert ] contains a link" name="Testing the [ built ] version of [ AuvikAPI ] with [ HelpComment.Tests.ps1 ].[ AuvikAPI ] module help tests.[ Get-AuvikAlert ].[ Get-AuvikAlert ] contains a link" time="0.002" asserts="0" success="True" result="Success" executed="True" />
                      <test-suite type="ParameterizedTest" name="Testing the [ built ] version of [ AuvikAPI ] with [ HelpComment.Tests.ps1 ].[ AuvikAPI ] module help tests.[ Get-AuvikAlert ].[ Get-AuvikAlert ] - Parameter has a description - [ &lt;_.name&gt; ]" executed="True" result="Success" success="True" time="0.034" asserts="0" description="[ Get-AuvikAlert ] - Parameter has a description - [ &lt;_.name&gt; ]">
                        <results>
                          <test-case description="[ Get-AuvikAlert ] - Parameter has a description - [ id ]" name="Testing the [ built ] version of [ AuvikAPI ] with [ HelpComment.Tests.ps1 ].[ AuvikAPI ] module help tests.[ Get-AuvikAlert ].[ Get-AuvikAlert ] - Parameter has a description - [ id ]" time="0.0021" asserts="0" success="True" result="Success" executed="True" />
                          <test-case description="[ Get-AuvikAlert ] - Parameter has a description - [ tenants ]" name="Testing the [ built ] version of [ AuvikAPI ] with [ HelpComment.Tests.ps1 ].[ AuvikAPI ] module help tests.[ Get-AuvikAlert ].[ Get-AuvikAlert ] - Parameter has a description - [ tenants ]" time="0.0021" asserts="0" success="True" result="Success" executed="True" />
                          <test-case description="[ Get-AuvikAlert ] - Parameter has a description - [ filter_alertDefinitionId ]" name="Testing the [ built ] version of [ AuvikAPI ] with [ HelpComment.Tests.ps1 ].[ AuvikAPI ] module help tests.[ Get-AuvikAlert ].[ Get-AuvikAlert ] - Parameter has a description - [ filter_alertDefinitionId ]" time="0.0021" asserts="0" success="True" result="Success" executed="True" />
                          <test-case description="[ Get-AuvikAlert ] - Parameter has a description - [ filter_severity ]" name="Testing the [ built ] version of [ AuvikAPI ] with [ HelpComment.Tests.ps1 ].[ AuvikAPI ] module help tests.[ Get-AuvikAlert ].[ Get-AuvikAlert ] - Parameter has a description - [ filter_severity ]" time="0.0021" asserts="0" success="True" result="Success" executed="True" />
                          <test-case description="[ Get-AuvikAlert ] - Parameter has a description - [ filter_status ]" name="Testing the [ built ] version of [ AuvikAPI ] with [ HelpComment.Tests.ps1 ].[ AuvikAPI ] module help tests.[ Get-AuvikAlert ].[ Get-AuvikAlert ] - Parameter has a description - [ filter_status ]" time="0.0021" asserts="0" success="True" result="Success" executed="True" />
                          <test-case description="[ Get-AuvikAlert ] - Parameter has a description - [ filter_entityId ]" name="Testing the [ built ] version of [ AuvikAPI ] with [ HelpComment.Tests.ps1 ].[ AuvikAPI ] module help tests.[ Get-AuvikAlert ].[ Get-AuvikAlert ] - Parameter has a description - [ filter_entityId ]" time="0.0022" asserts="0" success="True" result="Success" executed="True" />
                          <test-case description="[ Get-AuvikAlert ] - Parameter has a description - [ filter_dismissed ]" name="Testing the [ built ] version of [ AuvikAPI ] with [ HelpComment.Tests.ps1 ].[ AuvikAPI ] module help tests.[ Get-AuvikAlert ].[ Get-AuvikAlert ] - Parameter has a description - [ filter_dismissed ]" time="0.0024" asserts="0" success="True" result="Success" executed="True" />
                          <test-case description="[ Get-AuvikAlert ] - Parameter has a description - [ filter_dispatched ]" name="Testing the [ built ] version of [ AuvikAPI ] with [ HelpComment.Tests.ps1 ].[ AuvikAPI ] module help tests.[ Get-AuvikAlert ].[ Get-AuvikAlert ] - Parameter has a description - [ filter_dispatched ]" time="0.0024" asserts="0" success="True" result="Success" executed="True" />
                          <test-case description="[ Get-AuvikAlert ] - Parameter has a description - [ filter_detectedTimeAfter ]" name="Testing the [ built ] version of [ AuvikAPI ] with [ HelpComment.Tests.ps1 ].[ AuvikAPI ] module help tests.[ Get-AuvikAlert ].[ Get-AuvikAlert ] - Parameter has a description - [ filter_detectedTimeAfter ]" time="0.0024" asserts="0" success="True" result="Success" executed="True" />
                          <test-case description="[ Get-AuvikAlert ] - Parameter has a description - [ filter_detectedTimeBefore ]" name="Testing the [ built ] version of [ AuvikAPI ] with [ HelpComment.Tests.ps1 ].[ AuvikAPI ] module help tests.[ Get-AuvikAlert ].[ Get-AuvikAlert ] - Parameter has a description - [ filter_detectedTimeBefore ]" time="0.0023" asserts="0" success="True" result="Success" executed="True" />
                          <test-case description="[ Get-AuvikAlert ] - Parameter has a description - [ page_first ]" name="Testing the [ built ] version of [ AuvikAPI ] with [ HelpComment.Tests.ps1 ].[ AuvikAPI ] module help tests.[ Get-AuvikAlert ].[ Get-AuvikAlert ] - Parameter has a description - [ page_first ]" time="0.0023" asserts="0" success="True" result="Success" executed="True" />
                          <test-case description="[ Get-AuvikAlert ] - Parameter has a description - [ page_after ]" name="Testing the [ built ] version of [ AuvikAPI ] with [ HelpComment.Tests.ps1 ].[ AuvikAPI ] module help tests.[ Get-AuvikAlert ].[ Get-AuvikAlert ] - Parameter has a description - [ page_after ]" time="0.0023" asserts="0" success="True" result="Success" executed="True" />
                          <test-case description="[ Get-AuvikAlert ] - Parameter has a description - [ page_last ]" name="Testing the [ built ] version of [ AuvikAPI ] with [ HelpComment.Tests.ps1 ].[ AuvikAPI ] module help tests.[ Get-AuvikAlert ].[ Get-AuvikAlert ] - Parameter has a description - [ page_last ]" time="0.0024" asserts="0" success="True" result="Success" executed="True" />
                          <test-case description="[ Get-AuvikAlert ] - Parameter has a description - [ page_before ]" name="Testing the [ built ] version of [ AuvikAPI ] with [ HelpComment.Tests.ps1 ].[ AuvikAPI ] module help tests.[ Get-AuvikAlert ].[ Get-AuvikAlert ] - Parameter has a description - [ page_before ]" time="0.0023" asserts="0" success="True" result="Success" executed="True" />
                          <test-case description="[ Get-AuvikAlert ] - Parameter has a description - [ allPages ]" name="Testing the [ built ] version of [ AuvikAPI ] with [ HelpComment.Tests.ps1 ].[ AuvikAPI ] module help tests.[ Get-AuvikAlert ].[ Get-AuvikAlert ] - Parameter has a description - [ allPages ]" time="0.0023" asserts="0" success="True" result="Success" executed="True" />
                        </results>
                      </test-suite>
                      <test-suite type="ParameterizedTest" name="Testing the [ built ] version of [ AuvikAPI ] with [ HelpComment.Tests.ps1 ].[ AuvikAPI ] module help tests.[ Get-AuvikAlert ].[ Get-AuvikAlert ] - Example has example code &amp; description   - [ &lt;_.title -replace '-'.''&gt; ]" executed="True" result="Success" success="True" time="0.0086" asserts="0" description="[ Get-AuvikAlert ] - Example has example code &amp; description   - [ &lt;_.title -replace '-'.''&gt; ]">
                        <results>
                          <test-case description="[ Get-AuvikAlert ] - Example has example code &amp; description   - [  EXAMPLE 1  ]" name="Testing the [ built ] version of [ AuvikAPI ] with [ HelpComment.Tests.ps1 ].[ AuvikAPI ] module help tests.[ Get-AuvikAlert ].[ Get-AuvikAlert ] - Example has example code &amp; description   - [  EXAMPLE 1  ]" time="0.0029" asserts="0" success="True" result="Success" executed="True" />
                          <test-case description="[ Get-AuvikAlert ] - Example has example code &amp; description   - [  EXAMPLE 2  ]" name="Testing the [ built ] version of [ AuvikAPI ] with [ HelpComment.Tests.ps1 ].[ AuvikAPI ] module help tests.[ Get-AuvikAlert ].[ Get-AuvikAlert ] - Example has example code &amp; description   - [  EXAMPLE 2  ]" time="0.0029" asserts="0" success="True" result="Success" executed="True" />
                          <test-case description="[ Get-AuvikAlert ] - Example has example code &amp; description   - [  EXAMPLE 3  ]" name="Testing the [ built ] version of [ AuvikAPI ] with [ HelpComment.Tests.ps1 ].[ AuvikAPI ] module help tests.[ Get-AuvikAlert ].[ Get-AuvikAlert ] - Example has example code &amp; description   - [  EXAMPLE 3  ]" time="0.0029" asserts="0" success="True" result="Success" executed="True" />
                        </results>
                      </test-suite>
                    </results>
                  </test-suite>
                </results>
              </test-suite>
              <test-suite type="TestFixture" name="Testing the [ built ] version of [ AuvikAPI ] with [ HelpComment.Tests.ps1 ].[ AuvikAPI ] module help tests" executed="True" result="Success" success="True" time="0.336" asserts="0" description="Testing the [ built ] version of [ AuvikAPI ] with [ HelpComment.Tests.ps1 ].[ AuvikAPI ] module help tests">
                <results>
                  <test-suite type="TestFixture" name="Testing the [ built ] version of [ AuvikAPI ] with [ HelpComment.Tests.ps1 ].[ AuvikAPI ] module help tests.[ Get-AuvikAPIKey ]" executed="True" result="Success" success="True" time="0.0307" asserts="0" description="Testing the [ built ] version of [ AuvikAPI ] with [ HelpComment.Tests.ps1 ].[ AuvikAPI ] module help tests.[ Get-AuvikAPIKey ]">
                    <results>
                      <test-case description="[ Get-AuvikAPIKey ] contains comment based help" name="Testing the [ built ] version of [ AuvikAPI ] with [ HelpComment.Tests.ps1 ].[ AuvikAPI ] module help tests.[ Get-AuvikAPIKey ].[ Get-AuvikAPIKey ] contains comment based help" time="0.0025" asserts="0" success="True" result="Success" executed="True" />
                      <test-case description="[ Get-AuvikAPIKey ] contains a synopsis" name="Testing the [ built ] version of [ AuvikAPI ] with [ HelpComment.Tests.ps1 ].[ AuvikAPI ] module help tests.[ Get-AuvikAPIKey ].[ Get-AuvikAPIKey ] contains a synopsis" time="0.002" asserts="0" success="True" result="Success" executed="True" />
                      <test-case description="[ Get-AuvikAPIKey ] contains a description" name="Testing the [ built ] version of [ AuvikAPI ] with [ HelpComment.Tests.ps1 ].[ AuvikAPI ] module help tests.[ Get-AuvikAPIKey ].[ Get-AuvikAPIKey ] contains a description" time="0.0021" asserts="0" success="True" result="Success" executed="True" />
                      <test-case description="[ Get-AuvikAPIKey ] contains at least one usage example" name="Testing the [ built ] version of [ AuvikAPI ] with [ HelpComment.Tests.ps1 ].[ AuvikAPI ] module help tests.[ Get-AuvikAPIKey ].[ Get-AuvikAPIKey ] contains at least one usage example" time="0.0026" asserts="0" success="True" result="Success" executed="True" />
                      <test-case description="[ Get-AuvikAPIKey ] contains a note" name="Testing the [ built ] version of [ AuvikAPI ] with [ HelpComment.Tests.ps1 ].[ AuvikAPI ] module help tests.[ Get-AuvikAPIKey ].[ Get-AuvikAPIKey ] contains a note" time="0.0021" asserts="0" success="True" result="Success" executed="True" />
                      <test-case description="[ Get-AuvikAPIKey ] contains a link" name="Testing the [ built ] version of [ AuvikAPI ] with [ HelpComment.Tests.ps1 ].[ AuvikAPI ] module help tests.[ Get-AuvikAPIKey ].[ Get-AuvikAPIKey ] contains a link" time="0.0021" asserts="0" success="True" result="Success" executed="True" />
                      <test-suite type="ParameterizedTest" name="Testing the [ built ] version of [ AuvikAPI ] with [ HelpComment.Tests.ps1 ].[ AuvikAPI ] module help tests.[ Get-AuvikAPIKey ].[ Get-AuvikAPIKey ] - Parameter has a description - [ &lt;_.name&gt; ]" executed="True" result="Success" success="True" time="0.0022" asserts="0" description="[ Get-AuvikAPIKey ] - Parameter has a description - [ &lt;_.name&gt; ]">
                        <results>
                          <test-case description="[ Get-AuvikAPIKey ] - Parameter has a description - [ plainText ]" name="Testing the [ built ] version of [ AuvikAPI ] with [ HelpComment.Tests.ps1 ].[ AuvikAPI ] module help tests.[ Get-AuvikAPIKey ].[ Get-AuvikAPIKey ] - Parameter has a description - [ plainText ]" time="0.0022" asserts="0" success="True" result="Success" executed="True" />
                        </results>
                      </test-suite>
                      <test-suite type="ParameterizedTest" name="Testing the [ built ] version of [ AuvikAPI ] with [ HelpComment.Tests.ps1 ].[ AuvikAPI ] module help tests.[ Get-AuvikAPIKey ].[ Get-AuvikAPIKey ] - Example has example code &amp; description   - [ &lt;_.title -replace '-'.''&gt; ]" executed="True" result="Success" success="True" time="0.0055" asserts="0" description="[ Get-AuvikAPIKey ] - Example has example code &amp; description   - [ &lt;_.title -replace '-'.''&gt; ]">
                        <results>
                          <test-case description="[ Get-AuvikAPIKey ] - Example has example code &amp; description   - [  EXAMPLE 1  ]" name="Testing the [ built ] version of [ AuvikAPI ] with [ HelpComment.Tests.ps1 ].[ AuvikAPI ] module help tests.[ Get-AuvikAPIKey ].[ Get-AuvikAPIKey ] - Example has example code &amp; description   - [  EXAMPLE 1  ]" time="0.0028" asserts="0" success="True" result="Success" executed="True" />
                          <test-case description="[ Get-AuvikAPIKey ] - Example has example code &amp; description   - [  EXAMPLE 2  ]" name="Testing the [ built ] version of [ AuvikAPI ] with [ HelpComment.Tests.ps1 ].[ AuvikAPI ] module help tests.[ Get-AuvikAPIKey ].[ Get-AuvikAPIKey ] - Example has example code &amp; description   - [  EXAMPLE 2  ]" time="0.0027" asserts="0" success="True" result="Success" executed="True" />
                        </results>
                      </test-suite>
                    </results>
                  </test-suite>
                </results>
              </test-suite>
              <test-suite type="TestFixture" name="Testing the [ built ] version of [ AuvikAPI ] with [ HelpComment.Tests.ps1 ].[ AuvikAPI ] module help tests" executed="True" result="Ignored" success="True" time="0.3694" asserts="0" description="Testing the [ built ] version of [ AuvikAPI ] with [ HelpComment.Tests.ps1 ].[ AuvikAPI ] module help tests">
                <results>
                  <test-suite type="TestFixture" name="Testing the [ built ] version of [ AuvikAPI ] with [ HelpComment.Tests.ps1 ].[ AuvikAPI ] module help tests.[ Get-AuvikBaseURI ]" executed="True" result="Ignored" success="True" time="0.03" asserts="0" description="Testing the [ built ] version of [ AuvikAPI ] with [ HelpComment.Tests.ps1 ].[ AuvikAPI ] module help tests.[ Get-AuvikBaseURI ]">
                    <results>
                      <test-case description="[ Get-AuvikBaseURI ] contains comment based help" name="Testing the [ built ] version of [ AuvikAPI ] with [ HelpComment.Tests.ps1 ].[ AuvikAPI ] module help tests.[ Get-AuvikBaseURI ].[ Get-AuvikBaseURI ] contains comment based help" time="0.0023" asserts="0" success="True" result="Success" executed="True" />
                      <test-case description="[ Get-AuvikBaseURI ] contains a synopsis" name="Testing the [ built ] version of [ AuvikAPI ] with [ HelpComment.Tests.ps1 ].[ AuvikAPI ] module help tests.[ Get-AuvikBaseURI ].[ Get-AuvikBaseURI ] contains a synopsis" time="0.002" asserts="0" success="True" result="Success" executed="True" />
                      <test-case description="[ Get-AuvikBaseURI ] contains a description" name="Testing the [ built ] version of [ AuvikAPI ] with [ HelpComment.Tests.ps1 ].[ AuvikAPI ] module help tests.[ Get-AuvikBaseURI ].[ Get-AuvikBaseURI ] contains a description" time="0.0021" asserts="0" success="True" result="Success" executed="True" />
                      <test-case description="[ Get-AuvikBaseURI ] contains at least one usage example" name="Testing the [ built ] version of [ AuvikAPI ] with [ HelpComment.Tests.ps1 ].[ AuvikAPI ] module help tests.[ Get-AuvikBaseURI ].[ Get-AuvikBaseURI ] contains at least one usage example" time="0.0026" asserts="0" success="True" result="Success" executed="True" />
                      <test-case description="[ Get-AuvikBaseURI ] contains a note" name="Testing the [ built ] version of [ AuvikAPI ] with [ HelpComment.Tests.ps1 ].[ AuvikAPI ] module help tests.[ Get-AuvikBaseURI ].[ Get-AuvikBaseURI ] contains a note" time="0.0021" asserts="0" success="True" result="Success" executed="True" />
                      <test-case description="[ Get-AuvikBaseURI ] contains a link" name="Testing the [ built ] version of [ AuvikAPI ] with [ HelpComment.Tests.ps1 ].[ AuvikAPI ] module help tests.[ Get-AuvikBaseURI ].[ Get-AuvikBaseURI ] contains a link" time="0.002" asserts="0" success="True" result="Success" executed="True" />
                      <test-case description="[ Get-AuvikBaseURI ] - Parameter has a description -" name="Testing the [ built ] version of [ AuvikAPI ] with [ HelpComment.Tests.ps1 ].[ AuvikAPI ] module help tests.[ Get-AuvikBaseURI ].[ Get-AuvikBaseURI ] - Parameter has a description -" time="0.0031" asserts="0" success="False" result="Ignored" executed="False" />
                      <test-suite type="ParameterizedTest" name="Testing the [ built ] version of [ AuvikAPI ] with [ HelpComment.Tests.ps1 ].[ AuvikAPI ] module help tests.[ Get-AuvikBaseURI ].[ Get-AuvikBaseURI ] - Example has example code &amp; description   - [ &lt;_.title -replace '-'.''&gt; ]" executed="True" result="Success" success="True" time="0.0096" asserts="0" description="[ Get-AuvikBaseURI ] - Example has example code &amp; description   - [ &lt;_.title -replace '-'.''&gt; ]">
                        <results>
                          <test-case description="[ Get-AuvikBaseURI ] - Example has example code &amp; description   - [  EXAMPLE 1  ]" name="Testing the [ built ] version of [ AuvikAPI ] with [ HelpComment.Tests.ps1 ].[ AuvikAPI ] module help tests.[ Get-AuvikBaseURI ].[ Get-AuvikBaseURI ] - Example has example code &amp; description   - [  EXAMPLE 1  ]" time="0.0096" asserts="0" success="True" result="Success" executed="True" />
                        </results>
                      </test-suite>
                    </results>
                  </test-suite>
                </results>
              </test-suite>
              <test-suite type="TestFixture" name="Testing the [ built ] version of [ AuvikAPI ] with [ HelpComment.Tests.ps1 ].[ AuvikAPI ] module help tests" executed="True" result="Success" success="True" time="0.4134" asserts="0" description="Testing the [ built ] version of [ AuvikAPI ] with [ HelpComment.Tests.ps1 ].[ AuvikAPI ] module help tests">
                <results>
                  <test-suite type="TestFixture" name="Testing the [ built ] version of [ AuvikAPI ] with [ HelpComment.Tests.ps1 ].[ AuvikAPI ] module help tests.[ Get-AuvikBilling ]" executed="True" result="Success" success="True" time="0.0405" asserts="0" description="Testing the [ built ] version of [ AuvikAPI ] with [ HelpComment.Tests.ps1 ].[ AuvikAPI ] module help tests.[ Get-AuvikBilling ]">
                    <results>
                      <test-case description="[ Get-AuvikBilling ] contains comment based help" name="Testing the [ built ] version of [ AuvikAPI ] with [ HelpComment.Tests.ps1 ].[ AuvikAPI ] module help tests.[ Get-AuvikBilling ].[ Get-AuvikBilling ] contains comment based help" time="0.0023" asserts="0" success="True" result="Success" executed="True" />
                      <test-case description="[ Get-AuvikBilling ] contains a synopsis" name="Testing the [ built ] version of [ AuvikAPI ] with [ HelpComment.Tests.ps1 ].[ AuvikAPI ] module help tests.[ Get-AuvikBilling ].[ Get-AuvikBilling ] contains a synopsis" time="0.002" asserts="0" success="True" result="Success" executed="True" />
                      <test-case description="[ Get-AuvikBilling ] contains a description" name="Testing the [ built ] version of [ AuvikAPI ] with [ HelpComment.Tests.ps1 ].[ AuvikAPI ] module help tests.[ Get-AuvikBilling ].[ Get-AuvikBilling ] contains a description" time="0.0021" asserts="0" success="True" result="Success" executed="True" />
                      <test-case description="[ Get-AuvikBilling ] contains at least one usage example" name="Testing the [ built ] version of [ AuvikAPI ] with [ HelpComment.Tests.ps1 ].[ AuvikAPI ] module help tests.[ Get-AuvikBilling ].[ Get-AuvikBilling ] contains at least one usage example" time="0.0026" asserts="0" success="True" result="Success" executed="True" />
                      <test-case description="[ Get-AuvikBilling ] contains a note" name="Testing the [ built ] version of [ AuvikAPI ] with [ HelpComment.Tests.ps1 ].[ AuvikAPI ] module help tests.[ Get-AuvikBilling ].[ Get-AuvikBilling ] contains a note" time="0.0021" asserts="0" success="True" result="Success" executed="True" />
                      <test-case description="[ Get-AuvikBilling ] contains a link" name="Testing the [ built ] version of [ AuvikAPI ] with [ HelpComment.Tests.ps1 ].[ AuvikAPI ] module help tests.[ Get-AuvikBilling ].[ Get-AuvikBilling ] contains a link" time="0.0022" asserts="0" success="True" result="Success" executed="True" />
                      <test-suite type="ParameterizedTest" name="Testing the [ built ] version of [ AuvikAPI ] with [ HelpComment.Tests.ps1 ].[ AuvikAPI ] module help tests.[ Get-AuvikBilling ].[ Get-AuvikBilling ] - Parameter has a description - [ &lt;_.name&gt; ]" executed="True" result="Success" success="True" time="0.0145" asserts="0" description="[ Get-AuvikBilling ] - Parameter has a description - [ &lt;_.name&gt; ]">
                        <results>
                          <test-case description="[ Get-AuvikBilling ] - Parameter has a description - [ filter_fromDate ]" name="Testing the [ built ] version of [ AuvikAPI ] with [ HelpComment.Tests.ps1 ].[ AuvikAPI ] module help tests.[ Get-AuvikBilling ].[ Get-AuvikBilling ] - Parameter has a description - [ filter_fromDate ]" time="0.0022" asserts="0" success="True" result="Success" executed="True" />
                          <test-case description="[ Get-AuvikBilling ] - Parameter has a description - [ filter_thruDate ]" name="Testing the [ built ] version of [ AuvikAPI ] with [ HelpComment.Tests.ps1 ].[ AuvikAPI ] module help tests.[ Get-AuvikBilling ].[ Get-AuvikBilling ] - Parameter has a description - [ filter_thruDate ]" time="0.0079" asserts="0" success="True" result="Success" executed="True" />
                          <test-case description="[ Get-AuvikBilling ] - Parameter has a description - [ tenants ]" name="Testing the [ built ] version of [ AuvikAPI ] with [ HelpComment.Tests.ps1 ].[ AuvikAPI ] module help tests.[ Get-AuvikBilling ].[ Get-AuvikBilling ] - Parameter has a description - [ tenants ]" time="0.0022" asserts="0" success="True" result="Success" executed="True" />
                          <test-case description="[ Get-AuvikBilling ] - Parameter has a description - [ id ]" name="Testing the [ built ] version of [ AuvikAPI ] with [ HelpComment.Tests.ps1 ].[ AuvikAPI ] module help tests.[ Get-AuvikBilling ].[ Get-AuvikBilling ] - Parameter has a description - [ id ]" time="0.0023" asserts="0" success="True" result="Success" executed="True" />
                        </results>
                      </test-suite>
                      <test-suite type="ParameterizedTest" name="Testing the [ built ] version of [ AuvikAPI ] with [ HelpComment.Tests.ps1 ].[ AuvikAPI ] module help tests.[ Get-AuvikBilling ].[ Get-AuvikBilling ] - Example has example code &amp; description   - [ &lt;_.title -replace '-'.''&gt; ]" executed="True" result="Success" success="True" time="0.0081" asserts="0" description="[ Get-AuvikBilling ] - Example has example code &amp; description   - [ &lt;_.title -replace '-'.''&gt; ]">
                        <results>
                          <test-case description="[ Get-AuvikBilling ] - Example has example code &amp; description   - [  EXAMPLE 1  ]" name="Testing the [ built ] version of [ AuvikAPI ] with [ HelpComment.Tests.ps1 ].[ AuvikAPI ] module help tests.[ Get-AuvikBilling ].[ Get-AuvikBilling ] - Example has example code &amp; description   - [  EXAMPLE 1  ]" time="0.0027" asserts="0" success="True" result="Success" executed="True" />
                          <test-case description="[ Get-AuvikBilling ] - Example has example code &amp; description   - [  EXAMPLE 2  ]" name="Testing the [ built ] version of [ AuvikAPI ] with [ HelpComment.Tests.ps1 ].[ AuvikAPI ] module help tests.[ Get-AuvikBilling ].[ Get-AuvikBilling ] - Example has example code &amp; description   - [  EXAMPLE 2  ]" time="0.0027" asserts="0" success="True" result="Success" executed="True" />
                          <test-case description="[ Get-AuvikBilling ] - Example has example code &amp; description   - [  EXAMPLE 3  ]" name="Testing the [ built ] version of [ AuvikAPI ] with [ HelpComment.Tests.ps1 ].[ AuvikAPI ] module help tests.[ Get-AuvikBilling ].[ Get-AuvikBilling ] - Example has example code &amp; description   - [  EXAMPLE 3  ]" time="0.0027" asserts="0" success="True" result="Success" executed="True" />
                        </results>
                      </test-suite>
                    </results>
                  </test-suite>
                </results>
              </test-suite>
              <test-suite type="TestFixture" name="Testing the [ built ] version of [ AuvikAPI ] with [ HelpComment.Tests.ps1 ].[ AuvikAPI ] module help tests" executed="True" result="Success" success="True" time="0.478" asserts="0" description="Testing the [ built ] version of [ AuvikAPI ] with [ HelpComment.Tests.ps1 ].[ AuvikAPI ] module help tests">
                <results>
                  <test-suite type="TestFixture" name="Testing the [ built ] version of [ AuvikAPI ] with [ HelpComment.Tests.ps1 ].[ AuvikAPI ] module help tests.[ Get-AuvikComponent ]" executed="True" result="Success" success="True" time="0.0613" asserts="0" description="Testing the [ built ] version of [ AuvikAPI ] with [ HelpComment.Tests.ps1 ].[ AuvikAPI ] module help tests.[ Get-AuvikComponent ]">
                    <results>
                      <test-case description="[ Get-AuvikComponent ] contains comment based help" name="Testing the [ built ] version of [ AuvikAPI ] with [ HelpComment.Tests.ps1 ].[ AuvikAPI ] module help tests.[ Get-AuvikComponent ].[ Get-AuvikComponent ] contains comment based help" time="0.0023" asserts="0" success="True" result="Success" executed="True" />
                      <test-case description="[ Get-AuvikComponent ] contains a synopsis" name="Testing the [ built ] version of [ AuvikAPI ] with [ HelpComment.Tests.ps1 ].[ AuvikAPI ] module help tests.[ Get-AuvikComponent ].[ Get-AuvikComponent ] contains a synopsis" time="0.0079" asserts="0" success="True" result="Success" executed="True" />
                      <test-case description="[ Get-AuvikComponent ] contains a description" name="Testing the [ built ] version of [ AuvikAPI ] with [ HelpComment.Tests.ps1 ].[ AuvikAPI ] module help tests.[ Get-AuvikComponent ].[ Get-AuvikComponent ] contains a description" time="0.0021" asserts="0" success="True" result="Success" executed="True" />
                      <test-case description="[ Get-AuvikComponent ] contains at least one usage example" name="Testing the [ built ] version of [ AuvikAPI ] with [ HelpComment.Tests.ps1 ].[ AuvikAPI ] module help tests.[ Get-AuvikComponent ].[ Get-AuvikComponent ] contains at least one usage example" time="0.0026" asserts="0" success="True" result="Success" executed="True" />
                      <test-case description="[ Get-AuvikComponent ] contains a note" name="Testing the [ built ] version of [ AuvikAPI ] with [ HelpComment.Tests.ps1 ].[ AuvikAPI ] module help tests.[ Get-AuvikComponent ].[ Get-AuvikComponent ] contains a note" time="0.0021" asserts="0" success="True" result="Success" executed="True" />
                      <test-case description="[ Get-AuvikComponent ] contains a link" name="Testing the [ built ] version of [ AuvikAPI ] with [ HelpComment.Tests.ps1 ].[ AuvikAPI ] module help tests.[ Get-AuvikComponent ].[ Get-AuvikComponent ] contains a link" time="0.002" asserts="0" success="True" result="Success" executed="True" />
                      <test-suite type="ParameterizedTest" name="Testing the [ built ] version of [ AuvikAPI ] with [ HelpComment.Tests.ps1 ].[ AuvikAPI ] module help tests.[ Get-AuvikComponent ].[ Get-AuvikComponent ] - Parameter has a description - [ &lt;_.name&gt; ]" executed="True" result="Success" success="True" time="0.0293" asserts="0" description="[ Get-AuvikComponent ] - Parameter has a description - [ &lt;_.name&gt; ]">
                        <results>
                          <test-case description="[ Get-AuvikComponent ] - Parameter has a description - [ id ]" name="Testing the [ built ] version of [ AuvikAPI ] with [ HelpComment.Tests.ps1 ].[ AuvikAPI ] module help tests.[ Get-AuvikComponent ].[ Get-AuvikComponent ] - Parameter has a description - [ id ]" time="0.0023" asserts="0" success="True" result="Success" executed="True" />
                          <test-case description="[ Get-AuvikComponent ] - Parameter has a description - [ tenants ]" name="Testing the [ built ] version of [ AuvikAPI ] with [ HelpComment.Tests.ps1 ].[ AuvikAPI ] module help tests.[ Get-AuvikComponent ].[ Get-AuvikComponent ] - Parameter has a description - [ tenants ]" time="0.0021" asserts="0" success="True" result="Success" executed="True" />
                          <test-case description="[ Get-AuvikComponent ] - Parameter has a description - [ filter_modifiedAfter ]" name="Testing the [ built ] version of [ AuvikAPI ] with [ HelpComment.Tests.ps1 ].[ AuvikAPI ] module help tests.[ Get-AuvikComponent ].[ Get-AuvikComponent ] - Parameter has a description - [ filter_modifiedAfter ]" time="0.0021" asserts="0" success="True" result="Success" executed="True" />
                          <test-case description="[ Get-AuvikComponent ] - Parameter has a description - [ filter_deviceId ]" name="Testing the [ built ] version of [ AuvikAPI ] with [ HelpComment.Tests.ps1 ].[ AuvikAPI ] module help tests.[ Get-AuvikComponent ].[ Get-AuvikComponent ] - Parameter has a description - [ filter_deviceId ]" time="0.0021" asserts="0" success="True" result="Success" executed="True" />
                          <test-case description="[ Get-AuvikComponent ] - Parameter has a description - [ filter_deviceName ]" name="Testing the [ built ] version of [ AuvikAPI ] with [ HelpComment.Tests.ps1 ].[ AuvikAPI ] module help tests.[ Get-AuvikComponent ].[ Get-AuvikComponent ] - Parameter has a description - [ filter_deviceName ]" time="0.0021" asserts="0" success="True" result="Success" executed="True" />
                          <test-case description="[ Get-AuvikComponent ] - Parameter has a description - [ filter_currentStatus ]" name="Testing the [ built ] version of [ AuvikAPI ] with [ HelpComment.Tests.ps1 ].[ AuvikAPI ] module help tests.[ Get-AuvikComponent ].[ Get-AuvikComponent ] - Parameter has a description - [ filter_currentStatus ]" time="0.0021" asserts="0" success="True" result="Success" executed="True" />
                          <test-case description="[ Get-AuvikComponent ] - Parameter has a description - [ page_first ]" name="Testing the [ built ] version of [ AuvikAPI ] with [ HelpComment.Tests.ps1 ].[ AuvikAPI ] module help tests.[ Get-AuvikComponent ].[ Get-AuvikComponent ] - Parameter has a description - [ page_first ]" time="0.0078" asserts="0" success="True" result="Success" executed="True" />
                          <test-case description="[ Get-AuvikComponent ] - Parameter has a description - [ page_after ]" name="Testing the [ built ] version of [ AuvikAPI ] with [ HelpComment.Tests.ps1 ].[ AuvikAPI ] module help tests.[ Get-AuvikComponent ].[ Get-AuvikComponent ] - Parameter has a description - [ page_after ]" time="0.0022" asserts="0" success="True" result="Success" executed="True" />
                          <test-case description="[ Get-AuvikComponent ] - Parameter has a description - [ page_last ]" name="Testing the [ built ] version of [ AuvikAPI ] with [ HelpComment.Tests.ps1 ].[ AuvikAPI ] module help tests.[ Get-AuvikComponent ].[ Get-AuvikComponent ] - Parameter has a description - [ page_last ]" time="0.0021" asserts="0" success="True" result="Success" executed="True" />
                          <test-case description="[ Get-AuvikComponent ] - Parameter has a description - [ page_before ]" name="Testing the [ built ] version of [ AuvikAPI ] with [ HelpComment.Tests.ps1 ].[ AuvikAPI ] module help tests.[ Get-AuvikComponent ].[ Get-AuvikComponent ] - Parameter has a description - [ page_before ]" time="0.0021" asserts="0" success="True" result="Success" executed="True" />
                          <test-case description="[ Get-AuvikComponent ] - Parameter has a description - [ allPages ]" name="Testing the [ built ] version of [ AuvikAPI ] with [ HelpComment.Tests.ps1 ].[ AuvikAPI ] module help tests.[ Get-AuvikComponent ].[ Get-AuvikComponent ] - Parameter has a description - [ allPages ]" time="0.0021" asserts="0" success="True" result="Success" executed="True" />
                        </results>
                      </test-suite>
                      <test-suite type="ParameterizedTest" name="Testing the [ built ] version of [ AuvikAPI ] with [ HelpComment.Tests.ps1 ].[ AuvikAPI ] module help tests.[ Get-AuvikComponent ].[ Get-AuvikComponent ] - Example has example code &amp; description   - [ &lt;_.title -replace '-'.''&gt; ]" executed="True" result="Success" success="True" time="0.0081" asserts="0" description="[ Get-AuvikComponent ] - Example has example code &amp; description   - [ &lt;_.title -replace '-'.''&gt; ]">
                        <results>
                          <test-case description="[ Get-AuvikComponent ] - Example has example code &amp; description   - [  EXAMPLE 1  ]" name="Testing the [ built ] version of [ AuvikAPI ] with [ HelpComment.Tests.ps1 ].[ AuvikAPI ] module help tests.[ Get-AuvikComponent ].[ Get-AuvikComponent ] - Example has example code &amp; description   - [  EXAMPLE 1  ]" time="0.0026" asserts="0" success="True" result="Success" executed="True" />
                          <test-case description="[ Get-AuvikComponent ] - Example has example code &amp; description   - [  EXAMPLE 2  ]" name="Testing the [ built ] version of [ AuvikAPI ] with [ HelpComment.Tests.ps1 ].[ AuvikAPI ] module help tests.[ Get-AuvikComponent ].[ Get-AuvikComponent ] - Example has example code &amp; description   - [  EXAMPLE 2  ]" time="0.0028" asserts="0" success="True" result="Success" executed="True" />
                          <test-case description="[ Get-AuvikComponent ] - Example has example code &amp; description   - [  EXAMPLE 3  ]" name="Testing the [ built ] version of [ AuvikAPI ] with [ HelpComment.Tests.ps1 ].[ AuvikAPI ] module help tests.[ Get-AuvikComponent ].[ Get-AuvikComponent ] - Example has example code &amp; description   - [  EXAMPLE 3  ]" time="0.0026" asserts="0" success="True" result="Success" executed="True" />
                        </results>
                      </test-suite>
                    </results>
                  </test-suite>
                </results>
              </test-suite>
              <test-suite type="TestFixture" name="Testing the [ built ] version of [ AuvikAPI ] with [ HelpComment.Tests.ps1 ].[ AuvikAPI ] module help tests" executed="True" result="Success" success="True" time="0.5481" asserts="0" description="Testing the [ built ] version of [ AuvikAPI ] with [ HelpComment.Tests.ps1 ].[ AuvikAPI ] module help tests">
                <results>
                  <test-suite type="TestFixture" name="Testing the [ built ] version of [ AuvikAPI ] with [ HelpComment.Tests.ps1 ].[ AuvikAPI ] module help tests.[ Get-AuvikComponentStatistics ]" executed="True" result="Success" success="True" time="0.0667" asserts="0" description="Testing the [ built ] version of [ AuvikAPI ] with [ HelpComment.Tests.ps1 ].[ AuvikAPI ] module help tests.[ Get-AuvikComponentStatistics ]">
                    <results>
                      <test-case description="[ Get-AuvikComponentStatistics ] contains comment based help" name="Testing the [ built ] version of [ AuvikAPI ] with [ HelpComment.Tests.ps1 ].[ AuvikAPI ] module help tests.[ Get-AuvikComponentStatistics ].[ Get-AuvikComponentStatistics ] contains comment based help" time="0.0023" asserts="0" success="True" result="Success" executed="True" />
                      <test-case description="[ Get-AuvikComponentStatistics ] contains a synopsis" name="Testing the [ built ] version of [ AuvikAPI ] with [ HelpComment.Tests.ps1 ].[ AuvikAPI ] module help tests.[ Get-AuvikComponentStatistics ].[ Get-AuvikComponentStatistics ] contains a synopsis" time="0.0021" asserts="0" success="True" result="Success" executed="True" />
[...]
        <results>
          <test-suite type="TestFixture" name="Testing [ Add-AuvikBaseURI ] functions with [ Add-AuvikBaseURI.Tests.ps1 ]" executed="True" result="Success" success="True" time="0.0383" asserts="0" description="Testing [ Add-AuvikBaseURI ] functions with [ Add-AuvikBaseURI.Tests.ps1 ]">
            <results>
              <test-suite type="TestFixture" name="Testing [ Add-AuvikBaseURI ] functions with [ Add-AuvikBaseURI.Tests.ps1 ].[ Add-AuvikBaseURI ] testing functions" executed="True" result="Success" success="True" time="0.0343" asserts="0" description="Testing [ Add-AuvikBaseURI ] functions with [ Add-AuvikBaseURI.Tests.ps1 ].[ Add-AuvikBaseURI ] testing functions">
                <results>
                  <test-case description="[ Add-AuvikBaseURI ] should have an alias of [ Set-AuvikBaseURI ]" name="Testing [ Add-AuvikBaseURI ] functions with [ Add-AuvikBaseURI.Tests.ps1 ].[ Add-AuvikBaseURI ] testing functions.[ Add-AuvikBaseURI ] should have an alias of [ Set-AuvikBaseURI ]" time="0.0026" asserts="0" success="True" result="Success" executed="True" />
                  <test-case description="Without parameters should return the default URI" name="Testing [ Add-AuvikBaseURI ] functions with [ Add-AuvikBaseURI.Tests.ps1 ].[ Add-AuvikBaseURI ] testing functions.Without parameters should return the default URI" time="0.0028" asserts="0" success="True" result="Success" executed="True" />
                  <test-case description="Should accept a value from the pipeline" name="Testing [ Add-AuvikBaseURI ] functions with [ Add-AuvikBaseURI.Tests.ps1 ].[ Add-AuvikBaseURI ] testing functions.Should accept a value from the pipeline" time="0.0027" asserts="0" success="True" result="Success" executed="True" />
                  <test-case description="With parameter -base_uri False should return what was inputted" name="Testing [ Add-AuvikBaseURI ] functions with [ Add-AuvikBaseURI.Tests.ps1 ].[ Add-AuvikBaseURI ] testing functions.With parameter -base_uri False should return what was inputted" time="0.0027" asserts="0" success="True" result="Success" executed="True" />
                  <test-case description="With parameter -data_center should return the default URIs" name="Testing [ Add-AuvikBaseURI ] functions with [ Add-AuvikBaseURI.Tests.ps1 ].[ Add-AuvikBaseURI ] testing functions.With parameter -data_center should return the default URIs" time="0.01" asserts="0" success="True" result="Success" executed="True" />
                  <test-case description="With invalid parameter value -data_center Space should return an error" name="Testing [ Add-AuvikBaseURI ] functions with [ Add-AuvikBaseURI.Tests.ps1 ].[ Add-AuvikBaseURI ] testing functions.With invalid parameter value -data_center Space should return an error" time="0.0038" asserts="0" success="True" result="Success" executed="True" />
                  <test-case description="The default URI should NOT contain a trailing forward slash" name="Testing [ Add-AuvikBaseURI ] functions with [ Add-AuvikBaseURI.Tests.ps1 ].[ Add-AuvikBaseURI ] testing functions.The default URI should NOT contain a trailing forward slash" time="0.0026" asserts="0" success="True" result="Success" executed="True" />
                  <test-case description="A custom URI should NOT contain a trailing forward slash" name="Testing [ Add-AuvikBaseURI ] functions with [ Add-AuvikBaseURI.Tests.ps1 ].[ Add-AuvikBaseURI ] testing functions.A custom URI should NOT contain a trailing forward slash" time="0.0025" asserts="0" success="True" result="Success" executed="True" />
                </results>
              </test-suite>
            </results>
          </test-suite>
        </results>
      </test-suite>
      <test-suite type="TestFixture" name="C:\Celerium\Projects\_API\Auvik-PowerShellWrapper\tests\Private\baseUri\Get-AuvikBaseURI.Tests.ps1" executed="True" result="Success" success="True" time="0.0664" asserts="0" description="C:\Celerium\Projects\_API\Auvik-PowerShellWrapper\tests\Private\baseUri\Get-AuvikBaseURI.Tests.ps1">
        <results>
          <test-suite type="TestFixture" name="Testing [ Get-AuvikBaseURI ] function with [ Get-AuvikBaseURI.Tests.ps1 ]" executed="True" result="Success" success="True" time="0.0209" asserts="0" description="Testing [ Get-AuvikBaseURI ] function with [ Get-AuvikBaseURI.Tests.ps1 ]">
            <results>
              <test-suite type="TestFixture" name="Testing [ Get-AuvikBaseURI ] function with [ Get-AuvikBaseURI.Tests.ps1 ].[ Get-AuvikBaseURI ] testing function" executed="True" result="Success" success="True" time="0.0172" asserts="0" description="Testing [ Get-AuvikBaseURI ] function with [ Get-AuvikBaseURI.Tests.ps1 ].[ Get-AuvikBaseURI ] testing function">
                <results>
                  <test-case description="The default URI should be returned" name="Testing [ Get-AuvikBaseURI ] function with [ Get-AuvikBaseURI.Tests.ps1 ].[ Get-AuvikBaseURI ] testing function.The default URI should be returned" time="0.0029" asserts="0" success="True" result="Success" executed="True" />
                  <test-case description="The URI should be a string" name="Testing [ Get-AuvikBaseURI ] function with [ Get-AuvikBaseURI.Tests.ps1 ].[ Get-AuvikBaseURI ] testing function.The URI should be a string" time="0.0027" asserts="0" success="True" result="Success" executed="True" />
                  <test-case description="The default URI should NOT contain a trailing forward slash" name="Testing [ Get-AuvikBaseURI ] function with [ Get-AuvikBaseURI.Tests.ps1 ].[ Get-AuvikBaseURI ] testing function.The default URI should NOT contain a trailing forward slash" time="0.0026" asserts="0" success="True" result="Success" executed="True" />
                  <test-case description="A custom URI should NOT contain a trailing forward slash" name="Testing [ Get-AuvikBaseURI ] function with [ Get-AuvikBaseURI.Tests.ps1 ].[ Get-AuvikBaseURI ] testing function.A custom URI should NOT contain a trailing forward slash" time="0.0024" asserts="0" success="True" result="Success" executed="True" />
                  <test-case description="If the baseUri is not set a warning should be thrown" name="Testing [ Get-AuvikBaseURI ] function with [ Get-AuvikBaseURI.Tests.ps1 ].[ Get-AuvikBaseURI ] testing function.If the baseUri is not set a warning should be thrown" time="0.0025" asserts="0" success="True" result="Success" executed="True" />
                </results>
              </test-suite>
            </results>
          </test-suite>
        </results>
      </test-suite>
      <test-suite type="TestFixture" name="C:\Celerium\Projects\_API\Auvik-PowerShellWrapper\tests\Private\baseUri\Remove-AuvikBaseURI.Tests.ps1" executed="True" result="Success" success="True" time="0.0896" asserts="0" description="C:\Celerium\Projects\_API\Auvik-PowerShellWrapper\tests\Private\baseUri\Remove-AuvikBaseURI.Tests.ps1">
        <results>
          <test-suite type="TestFixture" name="Testing [ Remove-AuvikBaseURI ] function with [ Remove-AuvikBaseURI.Tests.ps1 ]" executed="True" result="Success" success="True" time="0.0466" asserts="0" description="Testing [ Remove-AuvikBaseURI ] function with [ Remove-AuvikBaseURI.Tests.ps1 ]">
            <results>
              <test-suite type="TestFixture" name="Testing [ Remove-AuvikBaseURI ] function with [ Remove-AuvikBaseURI.Tests.ps1 ].[ Remove-AuvikBaseURI ] testing function" executed="True" result="Success" success="True" time="0.0431" asserts="0" description="Testing [ Remove-AuvikBaseURI ] function with [ Remove-AuvikBaseURI.Tests.ps1 ].[ Remove-AuvikBaseURI ] testing function">
                <results>
                  <test-case description="The baseUri variable should not longer exist" name="Testing [ Remove-AuvikBaseURI ] function with [ Remove-AuvikBaseURI.Tests.ps1 ].[ Remove-AuvikBaseURI ] testing function.The baseUri variable should not longer exist" time="0.0369" asserts="0" success="True" result="Success" executed="True" />
                  <test-case description="If the baseUri is already gone a warning should be thrown" name="Testing [ Remove-AuvikBaseURI ] function with [ Remove-AuvikBaseURI.Tests.ps1 ].[ Remove-AuvikBaseURI ] testing function.If the baseUri is already gone a warning should be thrown" time="0.0025" asserts="0" success="True" result="Success" executed="True" />
                </results>
              </test-suite>
            </results>
          </test-suite>
        </results>
      </test-suite>
      <test-suite type="TestFixture" name="C:\Celerium\Projects\_API\Auvik-PowerShellWrapper\tests\Private\moduleSettings\Export-AuvikModuleSettings.Tests.ps1" executed="True" result="Success" success="True" time="0.0915" asserts="0" description="C:\Celerium\Projects\_API\Auvik-PowerShellWrapper\tests\Private\moduleSettings\Export-AuvikModuleSettings.Tests.ps1">
        <results>
          <test-suite type="TestFixture" name="Testing [ Export-AuvikModuleSettings ] function with [ Export-AuvikModuleSettings.Tests.ps1 ]" executed="True" result="Success" success="True" time="0.0472" asserts="0" description="Testing [ Export-AuvikModuleSettings ] function with [ Export-AuvikModuleSettings.Tests.ps1 ]">
            <results>
              <test-suite type="TestFixture" name="Testing [ Export-AuvikModuleSettings ] function with [ Export-AuvikModuleSettings.Tests.ps1 ].[ Export-AuvikModuleSettings ] testing function" executed="True" result="Success" success="True" time="0.0438" asserts="0" description="Testing [ Export-AuvikModuleSettings ] function with [ Export-AuvikModuleSettings.Tests.ps1 ].[ Export-AuvikModuleSettings ] testing function">
                <results>
                  <test-case description="Should export successfully" name="Testing [ Export-AuvikModuleSettings ] function with [ Export-AuvikModuleSettings.Tests.ps1 ].[ Export-AuvikModuleSettings ] testing function.Should export successfully" time="0.0048" asserts="0" success="True" result="Success" executed="True" />
                  <test-case description="Configuration directory should be hidden" name="Testing [ Export-AuvikModuleSettings ] function with [ Export-AuvikModuleSettings.Tests.ps1 ].[ Export-AuvikModuleSettings ] testing function.Configuration directory should be hidden" time="0.0072" asserts="0" success="True" result="Success" executed="True" />
                  <test-case description="Configuration file should contain required values" name="Testing [ Export-AuvikModuleSettings ] function with [ Export-AuvikModuleSettings.Tests.ps1 ].[ Export-AuvikModuleSettings ] testing function.Configuration file should contain required values" time="0.0278" asserts="0" success="True" result="Success" executed="True" />
                </results>
              </test-suite>
            </results>
          </test-suite>
        </results>
      </test-suite>
      <test-suite type="TestFixture" name="C:\Celerium\Projects\_API\Auvik-PowerShellWrapper\tests\Private\moduleSettings\Get-AuvikModuleSettings.Tests.ps1" executed="True" result="Success" success="True" time="0.0821" asserts="0" description="C:\Celerium\Projects\_API\Auvik-PowerShellWrapper\tests\Private\moduleSettings\Get-AuvikModuleSettings.Tests.ps1">
        <results>
          <test-suite type="TestFixture" name="Testing [ Get-AuvikModuleSettings ] function with [ Get-AuvikModuleSettings.Tests.ps1 ]" executed="True" result="Success" success="True" time="0.0385" asserts="0" description="Testing [ Get-AuvikModuleSettings ] function with [ Get-AuvikModuleSettings.Tests.ps1 ]">
            <results>
              <test-suite type="TestFixture" name="Testing [ Get-AuvikModuleSettings ] function with [ Get-AuvikModuleSettings.Tests.ps1 ].[ Get-AuvikModuleSettings ] testing function" executed="True" result="Success" success="True" time="0.035" asserts="0" description="Testing [ Get-AuvikModuleSettings ] function with [ Get-AuvikModuleSettings.Tests.ps1 ].[ Get-AuvikModuleSettings ] testing function">
                <results>
                  <test-case description="Configuration directory should be hidden" name="Testing [ Get-AuvikModuleSettings ] function with [ Get-AuvikModuleSettings.Tests.ps1 ].[ Get-AuvikModuleSettings ] testing function.Configuration directory should be hidden" time="0.0051" asserts="0" success="True" result="Success" executed="True" />
                  <test-case description="Configuration file should contain required values" name="Testing [ Get-AuvikModuleSettings ] function with [ Get-AuvikModuleSettings.Tests.ps1 ].[ Get-AuvikModuleSettings ] testing function.Configuration file should contain required values" time="0.0261" asserts="0" success="True" result="Success" executed="True" />
                </results>
              </test-suite>
            </results>
          </test-suite>
        </results>
      </test-suite>
      <test-suite type="TestFixture" name="C:\Celerium\Projects\_API\Auvik-PowerShellWrapper\tests\Private\moduleSettings\Import-AuvikModuleSettings.Tests.ps1" executed="True" result="Success" success="True" time="0.1046" asserts="0" description="C:\Celerium\Projects\_API\Auvik-PowerShellWrapper\tests\Private\moduleSettings\Import-AuvikModuleSettings.Tests.ps1">
        <results>
          <test-suite type="TestFixture" name="Testing [ Import-AuvikModuleSettings ] function with [ Import-AuvikModuleSettings.Tests.ps1 ]" executed="True" result="Success" success="True" time="0.0598" asserts="0" description="Testing [ Import-AuvikModuleSettings ] function with [ Import-AuvikModuleSettings.Tests.ps1 ]">
            <results>
              <test-suite type="TestFixture" name="Testing [ Import-AuvikModuleSettings ] function with [ Import-AuvikModuleSettings.Tests.ps1 ].[ Import-AuvikModuleSettings ] testing function" executed="True" result="Success" success="True" time="0.0565" asserts="0" description="Testing [ Import-AuvikModuleSettings ] function with [ Import-AuvikModuleSettings.Tests.ps1 ].[ Import-AuvikModuleSettings ] testing function">
                <results>
                  <test-case description="No configuration should populate baseline variables" name="Testing [ Import-AuvikModuleSettings ] function with [ Import-AuvikModuleSettings.Tests.ps1 ].[ Import-AuvikModuleSettings ] testing function.No configuration should populate baseline variables" time="0.0057" asserts="0" success="True" result="Success" executed="True" />
                  <test-case description="Saved configuration session should contain required variables" name="Testing [ Import-AuvikModuleSettings ] function with [ Import-AuvikModuleSettings.Tests.ps1 ].[ Import-AuvikModuleSettings ] testing function.Saved configuration session should contain required variables" time="0.0248" asserts="0" success="True" result="Success" executed="True" />
                  <test-case description="Saved configuration session should NOT contain temp variables" name="Testing [ Import-AuvikModuleSettings ] function with [ Import-AuvikModuleSettings.Tests.ps1 ].[ Import-AuvikModuleSettings ] testing function.Saved configuration session should NOT contain temp variables" time="0.0223" asserts="0" success="True" result="Success" executed="True" />
                </results>
              </test-suite>
            </results>
          </test-suite>
        </results>
      </test-suite>
      <test-suite type="TestFixture" name="C:\Celerium\Projects\_API\Auvik-PowerShellWrapper\tests\Private\moduleSettings\Initialize-AuvikModuleSettings.Tests.ps1" executed="True" result="Success" success="True" time="0.0794" asserts="0" description="C:\Celerium\Projects\_API\Auvik-PowerShellWrapper\tests\Private\moduleSettings\Initialize-AuvikModuleSettings.Tests.ps1">
        <results>
          <test-suite type="TestFixture" name="Testing [ Initialize-AuvikModuleSettings ] function with [ Initialize-AuvikModuleSettings.Tests.ps1 ]" executed="True" result="Success" success="True" time="0.0354" asserts="0" description="Testing [ Initialize-AuvikModuleSettings ] function with [ Initialize-AuvikModuleSettings.Tests.ps1 ]">
            <results>
              <test-suite type="TestFixture" name="Testing [ Initialize-AuvikModuleSettings ] function with [ Initialize-AuvikModuleSettings.Tests.ps1 ].[ Initialize-AuvikModuleSettings ] testing function" executed="True" result="Success" success="True" time="0.0321" asserts="0" description="Testing [ Initialize-AuvikModuleSettings ] function with [ Initialize-AuvikModuleSettings.Tests.ps1 ].[ Initialize-AuvikModuleSettings ] testing function">
                <results>
                  <test-case description="When imported WITHOUT a saved configuration baseline variables should exist" name="Testing [ Initialize-AuvikModuleSettings ] function with [ Initialize-AuvikModuleSettings.Tests.ps1 ].[ Initialize-AuvikModuleSettings ] testing function.When imported WITHOUT a saved configuration baseline variables should exist" time="0.0098" asserts="0" success="True" result="Success" executed="True" />
                  <test-case description="When imported WITh a saved configuration baseline variables should exist" name="Testing [ Initialize-AuvikModuleSettings ] function with [ Initialize-AuvikModuleSettings.Tests.ps1 ].[ Initialize-AuvikModuleSettings ] testing function.When imported WITh a saved configuration baseline variables should exist" time="0.0187" asserts="0" success="True" result="Success" executed="True" />
                </results>
              </test-suite>
            </results>
          </test-suite>
        </results>
      </test-suite>
      <test-suite type="TestFixture" name="C:\Celerium\Projects\_API\Auvik-PowerShellWrapper\tests\Private\moduleSettings\Remove-AuvikModuleSettings.Tests.ps1" executed="True" result="Success" success="True" time="0.1134" asserts="0" description="C:\Celerium\Projects\_API\Auvik-PowerShellWrapper\tests\Private\moduleSettings\Remove-AuvikModuleSettings.Tests.ps1">
        <results>
          <test-suite type="TestFixture" name="Testing [ Remove-AuvikModuleSettings ] function with [ Remove-AuvikModuleSettings.Tests.ps1 ]" executed="True" result="Success" success="True" time="0.0676" asserts="0" description="Testing [ Remove-AuvikModuleSettings ] function with [ Remove-AuvikModuleSettings.Tests.ps1 ]">
            <results>
              <test-suite type="TestFixture" name="Testing [ Remove-AuvikModuleSettings ] function with [ Remove-AuvikModuleSettings.Tests.ps1 ].[ Remove-AuvikModuleSettings ] testing function" executed="True" result="Success" success="True" time="0.0642" asserts="0" description="Testing [ Remove-AuvikModuleSettings ] function with [ Remove-AuvikModuleSettings.Tests.ps1 ].[ Remove-AuvikModuleSettings ] testing function">
                <results>
                  <test-case description="No configuration should throw a warning" name="Testing [ Remove-AuvikModuleSettings ] function with [ Remove-AuvikModuleSettings.Tests.ps1 ].[ Remove-AuvikModuleSettings ] testing function.No configuration should throw a warning" time="0.0025" asserts="0" success="True" result="Success" executed="True" />
                  <test-case description="Saved configuration should be removed" name="Testing [ Remove-AuvikModuleSettings ] function with [ Remove-AuvikModuleSettings.Tests.ps1 ].[ Remove-AuvikModuleSettings ] testing function.Saved configuration should be removed" time="0.0493" asserts="0" success="True" result="Success" executed="True" />
                  <test-case description="Saved configuration &amp; variables should be removed" name="Testing [ Remove-AuvikModuleSettings ] function with [ Remove-AuvikModuleSettings.Tests.ps1 ].[ Remove-AuvikModuleSettings ] testing function.Saved configuration &amp; variables should be removed" time="0.0086" asserts="0" success="True" result="Success" executed="True" />
                </results>
              </test-suite>
            </results>
          </test-suite>
        </results>
      </test-suite>
    </results>
  </test-suite>
</test-results>